\BOOKMARK [0][]{chapter*.1}{\376\377\000S\000o\000m\000m\000a\000r\000i\000o}{}% 1
\BOOKMARK [0][]{chapter.1}{\376\377\000B\000l\000o\000c\000k\000c\000h\000a\000i\000n}{}% 2
\BOOKMARK [1][]{section.1.1}{\376\377\000I\000n\000t\000r\000o\000d\000u\000z\000i\000o\000n\000e}{chapter.1}% 3
\BOOKMARK [1][]{section.1.2}{\376\377\000P\000r\000o\000t\000o\000c\000o\000l\000l\000i\000\040\000d\000i\000\040\000c\000o\000n\000s\000e\000n\000s\000o}{chapter.1}% 4
\BOOKMARK [1][]{section.1.3}{\376\377\000B\000l\000o\000c\000c\000h\000i}{chapter.1}% 5
\BOOKMARK [0][]{chapter.2}{\376\377\000B\000i\000t\000c\000o\000i\000n}{}% 6
\BOOKMARK [1][]{section.2.1}{\376\377\000I\000n\000t\000r\000o\000d\000u\000z\000i\000o\000n\000e}{chapter.2}% 7
\BOOKMARK [1][]{section.2.2}{\376\377\000T\000r\000a\000n\000s\000a\000z\000i\000o\000n\000i}{chapter.2}% 8
\BOOKMARK [1][]{section.2.3}{\376\377\000B\000i\000t\000c\000o\000i\000n\000\040\000S\000c\000r\000i\000p\000t}{chapter.2}% 9
\BOOKMARK [2][]{subsection.2.3.1}{\376\377\000P\0002\000P\000K\000H}{section.2.3}% 10
\BOOKMARK [2][]{subsection.2.3.2}{\376\377\000P\0002\000P\000K}{section.2.3}% 11
\BOOKMARK [2][]{subsection.2.3.3}{\376\377\000P\0002\000M\000S}{section.2.3}% 12
\BOOKMARK [2][]{subsection.2.3.4}{\376\377\000P\0002\000S\000H}{section.2.3}% 13
\BOOKMARK [2][]{subsection.2.3.5}{\376\377\000T\000r\000a\000n\000s\000a\000z\000i\000o\000n\000i\000\040\000n\000u\000l\000l\000\040\000d\000a\000t\000a\000\040\000\050\000O\000P\000\137\000R\000E\000T\000U\000R\000N\000\051}{section.2.3}% 14
\BOOKMARK [1][]{section.2.4}{\376\377\000M\000i\000n\000i\000n\000g}{chapter.2}% 15
\BOOKMARK [0][]{chapter.3}{\376\377\000B\000i\000t\000c\000o\000i\000n\000\040\000c\000o\000r\000e}{}% 16
\BOOKMARK [1][]{section.3.1}{\376\377\000I\000n\000t\000r\000o\000d\000u\000z\000i\000o\000n\000e}{chapter.3}% 17
\BOOKMARK [1][]{section.3.2}{\376\377\000B\000l\000o\000c\000c\000h\000i}{chapter.3}% 18
\BOOKMARK [1][]{section.3.3}{\376\377\000T\000r\000a\000n\000s\000a\000z\000i\000o\000n\000i}{chapter.3}% 19
\BOOKMARK [1][]{section.3.4}{\376\377\000B\000i\000t\000c\000o\000i\000n\000\040\000s\000c\000r\000i\000p\000t}{chapter.3}% 20
\BOOKMARK [2][]{subsection.3.4.1}{\376\377\000P\0002\000W\000P\000K\000H}{section.3.4}% 21
\BOOKMARK [2][]{subsection.3.4.2}{\376\377\000P\0002\000W\000S\000H}{section.3.4}% 22
\BOOKMARK [2][]{subsection.3.4.3}{\376\377\000T\000r\000a\000n\000s\000a\000z\000i\000o\000n\000i\000\040\000n\000o\000n\000\040\000s\000t\000a\000n\000d\000a\000r\000d}{section.3.4}% 23
\BOOKMARK [0][]{chapter.4}{\376\377\000P\000r\000o\000b\000l\000e\000m\000a}{}% 24
\BOOKMARK [1][]{section.4.1}{\376\377\000I\000n\000t\000r\000o\000d\000u\000z\000i\000o\000n\000e}{chapter.4}% 25
\BOOKMARK [1][]{section.4.2}{\376\377\000G\000r\000a\000f\000o\000\040\000d\000e\000l\000l\000e\000\040\000t\000r\000a\000n\000s\000a\000z\000i\000o\000n\000i}{chapter.4}% 26
\BOOKMARK [1][]{section.4.3}{\376\377\000G\000r\000a\000f\000o\000\040\000d\000e\000g\000l\000i\000\040\000a\000d\000d\000r\000e\000s\000s}{chapter.4}% 27
\BOOKMARK [0][]{chapter.5}{\376\377\000S\000t\000a\000t\000o\000\040\000d\000e\000l\000l\000'\000A\000r\000t\000e}{}% 28
\BOOKMARK [1][]{section.5.1}{\376\377\000B\000l\000o\000c\000k\000S\000c\000i}{chapter.5}% 29
\BOOKMARK [1][]{section.5.2}{\376\377\000B\000i\000V\000A}{chapter.5}% 30
\BOOKMARK [1][]{section.5.3}{\376\377\000B\000i\000t\000c\000o\000i\000n\000\040\000T\000r\000a\000n\000s\000a\000c\000t\000i\000o\000n\000\040\000V\000i\000s\000u\000a\000l\000i\000z\000a\000t\000i\000o\000n}{chapter.5}% 31
\BOOKMARK [0][]{chapter.6}{\376\377\000T\000e\000c\000n\000o\000l\000o\000g\000i\000e\000\040\000U\000t\000i\000l\000i\000z\000z\000a\000t\000e}{}% 32
\BOOKMARK [1][]{section.6.1}{\376\377\000B\000i\000t\000c\000o\000i\000n\000-\000C\000r\000y\000p\000t\000o\000g\000r\000a\000p\000h\000y\000-\000L\000i\000b\000r\000a\000r\000y}{chapter.6}% 33
\BOOKMARK [1][]{section.6.2}{\376\377\000R\000a\000p\000i\000d\000J\000S\000O\000N}{chapter.6}% 34
\BOOKMARK [1][]{section.6.3}{\376\377\000B\000i\000t\000c\000o\000i\000n\000-\000a\000p\000i\000-\000c\000p\000p}{chapter.6}% 35
\BOOKMARK [1][]{section.6.4}{\376\377\000J\000S\000O\000N\000-\000R\000P\000C\000\040\0001\000.\0000}{chapter.6}% 36
\BOOKMARK [1][]{section.6.5}{\376\377\000Z\000l\000i\000b}{chapter.6}% 37
\BOOKMARK [1][]{section.6.6}{\376\377\000B\000i\000t\000c\000o\000i\000n\000\040\000c\000o\000r\000e\000\040\000l\000i\000b\000r\000a\000r\000y}{chapter.6}% 38
\BOOKMARK [1][]{section.6.7}{\376\377\000O\000p\000e\000n\000M\000P}{chapter.6}% 39
\BOOKMARK [1][]{section.6.8}{\376\377\000N\000g\000r\000a\000p\000h}{chapter.6}% 40
\BOOKMARK [0][]{chapter.7}{\376\377\000S\000o\000l\000u\000z\000i\000o\000n\000e\000\040\000P\000r\000o\000p\000o\000s\000t\000a}{}% 41
\BOOKMARK [1][]{section.7.1}{\376\377\000I\000n\000t\000r\000o\000d\000u\000z\000i\000o\000n\000e}{chapter.7}% 42
\BOOKMARK [1][]{section.7.2}{\376\377\000S\000p\000y\000C\000B\000l\000o\000c\000k}{chapter.7}% 43
\BOOKMARK [1][]{section.7.3}{\376\377\000S\000p\000y\000C\000B\000l\000o\000c\000k\000R\000P\000C}{chapter.7}% 44
\BOOKMARK [1][]{section.7.4}{\376\377\000S\000e\000r\000i\000a\000l\000i\000z\000z\000a\000z\000i\000o\000n\000e\000\040\000d\000e\000l\000l\000a\000\040\000b\000l\000o\000c\000k\000c\000h\000a\000i\000n\000\040\000i\000n\000\040\000f\000o\000r\000m\000a\000t\000o\000\040\000J\000S\000O\000N}{chapter.7}% 45
\BOOKMARK [1][]{section.7.5}{\376\377\000G\000r\000a\000f\000o\000\040\000d\000e\000l\000l\000e\000\040\000t\000r\000a\000n\000s\000a\000z\000i\000o\000n\000i}{chapter.7}% 46
\BOOKMARK [1][]{section.7.6}{\376\377\000G\000r\000a\000f\000o\000\040\000d\000e\000g\000l\000i\000\040\000a\000d\000d\000r\000e\000s\000s}{chapter.7}% 47
\BOOKMARK [1][]{section.7.7}{\376\377\000R\000i\000s\000u\000l\000t\000a\000t\000i\000\040\000S\000p\000e\000r\000i\000m\000e\000n\000t\000a\000l\000i}{chapter.7}% 48
\BOOKMARK [1][]{section.7.8}{\376\377\000D\000E\000M\000O}{chapter.7}% 49
\BOOKMARK [2][]{subsection.7.8.1}{\376\377\000A\000n\000a\000l\000y\000t\000i\000c\000s\000P\000y\000B\000l\000o\000c\000k}{section.7.8}% 50
\BOOKMARK [2][]{subsection.7.8.2}{\376\377\000S\000p\000y\000J\000S\000B\000l\000o\000c\000k}{section.7.8}% 51
\BOOKMARK [0][]{chapter.8}{\376\377\000C\000o\000n\000c\000l\000u\000s\000i\000o\000n\000i}{}% 52
\BOOKMARK [0][]{chapter*.37}{\376\377\000R\000i\000n\000g\000r\000a\000z\000i\000a\000m\000e\000n\000t\000i}{}% 53
\BOOKMARK [0][]{appendix.Alph1}{\376\377\000A\000p\000p\000e\000n\000d\000i\000c\000e}{}% 54
\BOOKMARK [1][]{section.Alph1.1}{\376\377\000D\000e\000c\000o\000d\000i\000f\000i\000c\000a\000\040\000T\000r\000a\000n\000s\000a\000z\000i\000o\000n\000e\000\040\000c\000o\000n\000\040\000S\000e\000g\000r\000e\000g\000a\000t\000e\000d\000\040\000W\000i\000t\000n\000e\000s\000s}{appendix.Alph1}% 55
\BOOKMARK [1][]{section.Alph1.2}{\376\377\000F\000r\000a\000m\000m\000e\000n\000t\000o\000\040\000d\000i\000\040\000c\000o\000d\000i\000c\000e\000\040\000e\000s\000t\000r\000a\000t\000t\000o\000\040\000d\000a\000l\000l\000a\000\040\000s\000e\000r\000i\000a\000l\000i\000z\000z\000a\000z\000i\000o\000n\000e\000\040\000i\000n\000\040\000J\000S\000O\000N\000\040\000d\000i\000\040\000S\000p\000y\000C\000B\000l\000o\000c\000k}{appendix.Alph1}% 56
\BOOKMARK [1][]{section.Alph1.3}{\376\377\000P\000r\000o\000c\000e\000s\000s\000o\000\040\000p\000e\000r\000\040\000l\000a\000\040\000c\000r\000e\000a\000z\000i\000o\000n\000e\000\040\000d\000e\000l\000l\000'\000h\000a\000s\000h\000\040\000r\000a\000p\000p\000r\000e\000s\000e\000n\000t\000a\000t\000o\000\040\000i\000n\000\040\000u\000n\000\040\000t\000e\000s\000t\000\040\000d\000i\000\040\000u\000n\000i\000t\000\340}{appendix.Alph1}% 57
\BOOKMARK [1][]{section.Alph1.4}{\376\377\000P\000r\000o\000c\000e\000s\000s\000o\000\040\000p\000e\000r\000\040\000l\000a\000\040\000c\000r\000e\000a\000z\000i\000o\000n\000e\000\040\000d\000e\000l\000l\000'\000a\000d\000d\000r\000e\000s\000s\000\040\000p\000r\000i\000m\000i\000t\000i\000v\000o\000\040\000d\000a\000\040\000u\000n\000a\000\040\000c\000h\000i\000a\000v\000e\000\040\000p\000u\000b\000b\000l\000i\000c\000a}{appendix.Alph1}% 58
\BOOKMARK [0][]{section*.42}{\376\377\000R\000i\000f\000e\000r\000i\000m\000e\000n\000t\000i\000\040\000b\000i\000b\000l\000i\000o\000g\000r\000a\000f\000i\000c\000i}{}% 59
