This is pdfTeX, Version 3.141592653-2.6-1.40.22 (TeX Live 2022/dev/Debian) (preloaded format=pdflatex 2022.11.9)  2 DEC 2022 17:35
entering extended mode
 restricted \write18 enabled.
 %&-line parsing enabled.
**tesi.tex
(./tesi.tex
LaTeX2e <2021-11-15> patch level 1
L3 programming layer <2022-01-21> (./toptesi.cls
Document Class: toptesi 2013/09/01 v.5.73 Class for typesetting university thes
es
(/usr/share/texlive/texmf-dist/tex/latex/base/report.cls
Document Class: report 2021/10/04 v1.4n Standard LaTeX document class
(/usr/share/texlive/texmf-dist/tex/latex/base/size11.clo
File: size11.clo 2021/10/04 v1.4n Standard LaTeX file (size option)
)
\c@part=\count185
\c@chapter=\count186
\c@section=\count187
\c@subsection=\count188
\c@subsubsection=\count189
\c@paragraph=\count190
\c@subparagraph=\count191
\c@figure=\count192
\c@table=\count193
\abovecaptionskip=\skip47
\belowcaptionskip=\skip48
\bibindent=\dimen138
)
(/usr/share/texlive/texmf-dist/tex/generic/iftex/ifxetex.sty
Package: ifxetex 2019/10/25 v0.7 ifxetex legacy package. Use iftex instead.

(/usr/share/texlive/texmf-dist/tex/generic/iftex/iftex.sty
Package: iftex 2020/03/06 v1.0d TeX engine tests
))
(/usr/share/texlive/texmf-dist/tex/generic/babel/babel.sty
Package: babel 2022/01/26 3.70 The Babel package
\babel@savecnt=\count194
\U@D=\dimen139
\l@unhyphenated=\language87

(/usr/share/texlive/texmf-dist/tex/generic/babel/txtbabel.def)
\bbl@readstream=\read2
\bbl@dirlevel=\count195

(/usr/share/texlive/texmf-dist/tex/generic/babel-english/english.ldf
Language: english 2017/06/06 v3.3r English support from the babel system
Package babel Info: Hyphen rules for 'canadian' set to \l@english
(babel)             (\language0). Reported on input line 102.
Package babel Info: Hyphen rules for 'australian' set to \l@ukenglish
(babel)             (\language30). Reported on input line 105.
Package babel Info: Hyphen rules for 'newzealand' set to \l@ukenglish
(babel)             (\language30). Reported on input line 108.
)
(/usr/share/texlive/texmf-dist/tex/generic/babel-italian/italian.ldf
Language: italian 2020/05/21 v.1.4.04 Italian support for the babel system
\it@lettering=\count196
\it@doublequoteactive=\count197
\it@ISOcompliance=\count198
))
(/usr/share/texlive/texmf-dist/tex/latex/etoolbox/etoolbox.sty
Package: etoolbox 2020/10/05 v2.5k e-TeX tools for LaTeX (JAW)
\etb@tempcnta=\count199
)) (./toptesi.sty
Package: toptesi 2013/09/01 v.5.73 Extension for toptesi.cls
\T@Pbinding=\skip49
(/usr/share/texlive/texmf-dist/tex/latex/graphics/graphicx.sty
Package: graphicx 2021/09/16 v1.2d Enhanced LaTeX Graphics (DPC,SPQR)

(/usr/share/texlive/texmf-dist/tex/latex/graphics/keyval.sty
Package: keyval 2014/10/28 v1.15 key=value parser (DPC)
\KV@toks@=\toks16
)
(/usr/share/texlive/texmf-dist/tex/latex/graphics/graphics.sty
Package: graphics 2021/03/04 v1.4d Standard LaTeX Graphics (DPC,SPQR)

(/usr/share/texlive/texmf-dist/tex/latex/graphics/trig.sty
Package: trig 2021/08/11 v1.11 sin cos tan (DPC)
)
(/usr/share/texlive/texmf-dist/tex/latex/graphics-cfg/graphics.cfg
File: graphics.cfg 2016/06/04 v1.11 sample graphics configuration
)
Package graphics Info: Driver file: pdftex.def on input line 107.

(/usr/share/texlive/texmf-dist/tex/latex/graphics-def/pdftex.def
File: pdftex.def 2020/10/05 v1.2a Graphics/color driver for pdftex
))
\Gin@req@height=\dimen140
\Gin@req@width=\dimen141
)
\interno=\skip50
\@intesta=\box50
\captionwidth=\dimen142
LaTeX Font Info:    Redeclaring math symbol \virgola on input line 338.
LaTeX Font Info:    Redeclaring math symbol \virgoladecimale on input line 339.


(./topfront.sty) (./topcoman.sty
Package: topcoman 2013/09/01 v.5.73 Additional commands for the TOPtesi bundle

(/usr/share/texlive/texmf-dist/tex/latex/base/textcomp.sty
Package: textcomp 2020/02/02 v2.0n Standard LaTeX package
)
\tabwidth=\dimen143
)
\c@tomo=\count266
)
(/usr/share/texlive/texmf-dist/tex/latex/base/inputenc.sty
Package: inputenc 2021/02/14 v1.3d Input encoding file
\inpenc@prehook=\toks17
\inpenc@posthook=\toks18
)
(/usr/share/texlive/texmf-dist/tex/latex/base/fontenc.sty
Package: fontenc 2021/04/29 v2.0v Standard LaTeX package
)
(/usr/share/texlive/texmf-dist/tex/latex/blindtext/blindtext.sty
Package: blindtext 2012/01/06 V2.0 blindtext-Package

(/usr/share/texlive/texmf-dist/tex/latex/tools/xspace.sty
Package: xspace 2014/10/28 v1.13 Space after command names (DPC,MH)
)
\c@blindtext=\count267
\c@Blindtext=\count268
\c@blind@countparstart=\count269
\blind@countxx=\count270
\blindtext@numBlindtext=\count271
\blind@countyy=\count272
\c@blindlist=\count273
\c@blindlistlevel=\count274
\c@blindlist@level=\count275
\blind@listitem=\count276
\c@blind@listcount=\count277
\c@blind@levelcount=\count278
\blind@mathformula=\count279
\blind@Mathformula=\count280
\c@blind@randomcount=\count281
\c@blind@randommax=\count282
\c@blind@pangramcount=\count283
\c@blind@pangrammax=\count284
)
(/usr/share/texlive/texmf-dist/tex/latex/wrapfig/wrapfig.sty
\wrapoverhang=\dimen144
\WF@size=\dimen145
\c@WF@wrappedlines=\count285
\WF@box=\box51
\WF@everypar=\toks19
Package: wrapfig 2003/01/31  v 3.6
)
(/usr/share/texlive/texmf-dist/tex/latex/booktabs/booktabs.sty
Package: booktabs 2020/01/12 v1.61803398 Publication quality tables
\heavyrulewidth=\dimen146
\lightrulewidth=\dimen147
\cmidrulewidth=\dimen148
\belowrulesep=\dimen149
\belowbottomsep=\dimen150
\aboverulesep=\dimen151
\abovetopsep=\dimen152
\cmidrulesep=\dimen153
\cmidrulekern=\dimen154
\defaultaddspace=\dimen155
\@cmidla=\count286
\@cmidlb=\count287
\@aboverulesep=\dimen156
\@belowrulesep=\dimen157
\@thisruleclass=\count288
\@lastruleclass=\count289
\@thisrulewidth=\dimen158
)
(/usr/share/texmf/tex/latex/lm/lmodern.sty
Package: lmodern 2009/10/30 v1.6 Latin Modern Fonts
LaTeX Font Info:    Overwriting symbol font `operators' in version `normal'
(Font)                  OT1/cmr/m/n --> OT1/lmr/m/n on input line 22.
LaTeX Font Info:    Overwriting symbol font `letters' in version `normal'
(Font)                  OML/cmm/m/it --> OML/lmm/m/it on input line 23.
LaTeX Font Info:    Overwriting symbol font `symbols' in version `normal'
(Font)                  OMS/cmsy/m/n --> OMS/lmsy/m/n on input line 24.
LaTeX Font Info:    Overwriting symbol font `largesymbols' in version `normal'
(Font)                  OMX/cmex/m/n --> OMX/lmex/m/n on input line 25.
LaTeX Font Info:    Overwriting symbol font `operators' in version `bold'
(Font)                  OT1/cmr/bx/n --> OT1/lmr/bx/n on input line 26.
LaTeX Font Info:    Overwriting symbol font `letters' in version `bold'
(Font)                  OML/cmm/b/it --> OML/lmm/b/it on input line 27.
LaTeX Font Info:    Overwriting symbol font `symbols' in version `bold'
(Font)                  OMS/cmsy/b/n --> OMS/lmsy/b/n on input line 28.
LaTeX Font Info:    Overwriting symbol font `largesymbols' in version `bold'
(Font)                  OMX/cmex/m/n --> OMX/lmex/m/n on input line 29.
LaTeX Font Info:    Overwriting math alphabet `\mathbf' in version `normal'
(Font)                  OT1/cmr/bx/n --> OT1/lmr/bx/n on input line 31.
LaTeX Font Info:    Overwriting math alphabet `\mathsf' in version `normal'
(Font)                  OT1/cmss/m/n --> OT1/lmss/m/n on input line 32.
LaTeX Font Info:    Overwriting math alphabet `\mathit' in version `normal'
(Font)                  OT1/cmr/m/it --> OT1/lmr/m/it on input line 33.
LaTeX Font Info:    Overwriting math alphabet `\mathtt' in version `normal'
(Font)                  OT1/cmtt/m/n --> OT1/lmtt/m/n on input line 34.
LaTeX Font Info:    Overwriting math alphabet `\mathbf' in version `bold'
(Font)                  OT1/cmr/bx/n --> OT1/lmr/bx/n on input line 35.
LaTeX Font Info:    Overwriting math alphabet `\mathsf' in version `bold'
(Font)                  OT1/cmss/bx/n --> OT1/lmss/bx/n on input line 36.
LaTeX Font Info:    Overwriting math alphabet `\mathit' in version `bold'
(Font)                  OT1/cmr/bx/it --> OT1/lmr/bx/it on input line 37.
LaTeX Font Info:    Overwriting math alphabet `\mathtt' in version `bold'
(Font)                  OT1/cmtt/m/n --> OT1/lmtt/m/n on input line 38.
)
(/usr/share/texlive/texmf-dist/tex/latex/tools/varioref.sty
Package: varioref 2021/07/07 v1.6f package for extended references (FMi)
\c@vrcnt=\count290
)
(/usr/share/texlive/texmf-dist/tex/latex/url/url.sty
\Urlmuskip=\muskip16
Package: url 2013/09/16  ver 3.4  Verb mode for urls, etc.
)
(/usr/share/texlive/texmf-dist/tex/latex/tools/array.sty
Package: array 2021/10/04 v2.5f Tabular extension package (FMi)
\col@sep=\dimen159
\ar@mcellbox=\box52
\extrarowheight=\dimen160
\NC@list=\toks20
\extratabsurround=\skip51
\backup@length=\skip52
\ar@cellbox=\box53
)
(/usr/share/texlive/texmf-dist/tex/latex/paralist/paralist.sty
Package: paralist 2017/01/22 v2.7 Extended list environments
\pltopsep=\skip53
\plpartopsep=\skip54
\plitemsep=\skip55
\plparsep=\skip56
\pl@lab=\toks21
)
(/usr/share/texlive/texmf-dist/tex/latex/tools/verbatim.sty
Package: verbatim 2020-07-07 v1.5u LaTeX2e package for verbatim enhancements
\every@verbatim=\toks22
\verbatim@line=\toks23
\verbatim@in@stream=\read3
)
(/usr/share/texlive/texmf-dist/tex/latex/amsmath/amsmath.sty
Package: amsmath 2021/10/15 v2.17l AMS math features
\@mathmargin=\skip57

For additional information on amsmath, use the `?' option.
(/usr/share/texlive/texmf-dist/tex/latex/amsmath/amstext.sty
Package: amstext 2021/08/26 v2.01 AMS text

(/usr/share/texlive/texmf-dist/tex/latex/amsmath/amsgen.sty
File: amsgen.sty 1999/11/30 v2.0 generic functions
\@emptytoks=\toks24
\ex@=\dimen161
))
(/usr/share/texlive/texmf-dist/tex/latex/amsmath/amsbsy.sty
Package: amsbsy 1999/11/29 v1.2d Bold Symbols
\pmbraise@=\dimen162
)
(/usr/share/texlive/texmf-dist/tex/latex/amsmath/amsopn.sty
Package: amsopn 2021/08/26 v2.02 operator names
)
\inf@bad=\count291
LaTeX Info: Redefining \frac on input line 234.
\uproot@=\count292
\leftroot@=\count293
LaTeX Info: Redefining \overline on input line 399.
\classnum@=\count294
\DOTSCASE@=\count295
LaTeX Info: Redefining \ldots on input line 496.
LaTeX Info: Redefining \dots on input line 499.
LaTeX Info: Redefining \cdots on input line 620.
\Mathstrutbox@=\box54
\strutbox@=\box55
\big@size=\dimen163
LaTeX Font Info:    Redeclaring font encoding OML on input line 743.
LaTeX Font Info:    Redeclaring font encoding OMS on input line 744.
\macc@depth=\count296
\c@MaxMatrixCols=\count297
\dotsspace@=\muskip17
\c@parentequation=\count298
\dspbrk@lvl=\count299
\tag@help=\toks25
\row@=\count300
\column@=\count301
\maxfields@=\count302
\andhelp@=\toks26
\eqnshift@=\dimen164
\alignsep@=\dimen165
\tagshift@=\dimen166
\tagwidth@=\dimen167
\totwidth@=\dimen168
\lineht@=\dimen169
\@envbody=\toks27
\multlinegap=\skip58
\multlinetaggap=\skip59
\mathdisplay@stack=\toks28
LaTeX Info: Redefining \[ on input line 2938.
LaTeX Info: Redefining \] on input line 2939.
)
(/usr/share/texlive/texmf-dist/tex/latex/amsfonts/amsfonts.sty
Package: amsfonts 2013/01/14 v3.01 Basic AMSFonts support
\symAMSa=\mathgroup4
\symAMSb=\mathgroup5
LaTeX Font Info:    Redeclaring math symbol \hbar on input line 98.
LaTeX Font Info:    Overwriting math alphabet `\mathfrak' in version `bold'
(Font)                  U/euf/m/n --> U/euf/b/n on input line 106.
)
(/usr/share/texlive/texmf-dist/tex/latex/amsfonts/amssymb.sty
Package: amssymb 2013/01/14 v3.01 AMS font symbols
)
(/usr/share/texlive/texmf-dist/tex/latex/tools/multicol.sty
Package: multicol 2021/10/28 v1.9b multicolumn formatting (FMi)
\c@tracingmulticols=\count303
\mult@box=\box56
\multicol@leftmargin=\dimen170
\c@unbalance=\count304
\c@collectmore=\count305
\doublecol@number=\count306
\multicoltolerance=\count307
\multicolpretolerance=\count308
\full@width=\dimen171
\page@free=\dimen172
\premulticols=\dimen173
\postmulticols=\dimen174
\multicolsep=\skip60
\multicolbaselineskip=\skip61
\partial@page=\box57
\last@line=\box58
\maxbalancingoverflow=\dimen175
\mult@rightbox=\box59
\mult@grightbox=\box60
\mult@firstbox=\box61
\mult@gfirstbox=\box62
\@tempa=\box63
\@tempa=\box64
\@tempa=\box65
\@tempa=\box66
\@tempa=\box67
\@tempa=\box68
\@tempa=\box69
\@tempa=\box70
\@tempa=\box71
\@tempa=\box72
\@tempa=\box73
\@tempa=\box74
\@tempa=\box75
\@tempa=\box76
\@tempa=\box77
\@tempa=\box78
\@tempa=\box79
\@tempa=\box80
\@tempa=\box81
\@tempa=\box82
\@tempa=\box83
\@tempa=\box84
\@tempa=\box85
\@tempa=\box86
\@tempa=\box87
\@tempa=\box88
\@tempa=\box89
\@tempa=\box90
\@tempa=\box91
\@tempa=\box92
\@tempa=\box93
\@tempa=\box94
\@tempa=\box95
\@tempa=\box96
\@tempa=\box97
\@tempa=\box98
\c@minrows=\count309
\c@columnbadness=\count310
\c@finalcolumnbadness=\count311
\last@try=\dimen176
\multicolovershoot=\dimen177
\multicolundershoot=\dimen178
\mult@nat@firstbox=\box99
\colbreak@box=\box100
\mc@col@check@num=\count312
)
(/usr/share/texlive/texmf-dist/tex/latex/multirow/multirow.sty
Package: multirow 2021/03/15 v2.8 Span multiple rows of a table
\multirow@colwidth=\skip62
\multirow@cntb=\count313
\multirow@dima=\skip63
\bigstrutjot=\dimen179
)
(/usr/share/texlive/texmf-dist/tex/latex/listings/listings.sty
\lst@mode=\count314
\lst@gtempboxa=\box101
\lst@token=\toks29
\lst@length=\count315
\lst@currlwidth=\dimen180
\lst@column=\count316
\lst@pos=\count317
\lst@lostspace=\dimen181
\lst@width=\dimen182
\lst@newlines=\count318
\lst@lineno=\count319
\lst@maxwidth=\dimen183

(/usr/share/texlive/texmf-dist/tex/latex/listings/lstmisc.sty
File: lstmisc.sty 2020/03/24 1.8d (Carsten Heinz)
\c@lstnumber=\count320
\lst@skipnumbers=\count321
\lst@framebox=\box102
)
(/usr/share/texlive/texmf-dist/tex/latex/listings/listings.cfg
File: listings.cfg 2020/03/24 1.8d listings configuration
))
Package: listings 2020/03/24 1.8d (Carsten Heinz)

(/usr/share/texlive/texmf-dist/tex/latex/geometry/geometry.sty
Package: geometry 2020/01/02 v5.9 Page Geometry

(/usr/share/texlive/texmf-dist/tex/generic/iftex/ifvtex.sty
Package: ifvtex 2019/10/25 v1.7 ifvtex legacy package. Use iftex instead.
)
\Gm@cnth=\count322
\Gm@cntv=\count323
\c@Gm@tempcnt=\count324
\Gm@bindingoffset=\dimen184
\Gm@wd@mp=\dimen185
\Gm@odd@mp=\dimen186
\Gm@even@mp=\dimen187
\Gm@layoutwidth=\dimen188
\Gm@layoutheight=\dimen189
\Gm@layouthoffset=\dimen190
\Gm@layoutvoffset=\dimen191
\Gm@dimlist=\toks30
)
(/usr/share/texlive/texmf-dist/tex/latex/graphics/rotating.sty
Package: rotating 2016/08/11 v2.16d rotated objects in LaTeX

(/usr/share/texlive/texmf-dist/tex/latex/base/ifthen.sty
Package: ifthen 2020/11/24 v1.1c Standard LaTeX ifthen package (DPC)
)
\c@r@tfl@t=\count325
\rotFPtop=\skip64
\rotFPbot=\skip65
\rot@float@box=\box103
\rot@mess@toks=\toks31
)
(/usr/share/texlive/texmf-dist/tex/latex/algorithms/algorithm.sty
Package: algorithm 2009/08/24 v0.1 Document Style `algorithm' - floating enviro
nment

(/usr/share/texlive/texmf-dist/tex/latex/float/float.sty
Package: float 2001/11/08 v1.3d Float enhancements (AL)
\c@float@type=\count326
\float@exts=\toks32
\float@box=\box104
\@float@everytoks=\toks33
\@floatcapt=\box105
)
\@float@every@algorithm=\toks34
\c@algorithm=\count327
)
(/usr/share/texlive/texmf-dist/tex/latex/algorithms/algorithmic.sty
Package: algorithmic 2009/08/24 v0.1 Document Style `algorithmic'
\c@ALC@unique=\count328
\c@ALC@line=\count329
\c@ALC@rem=\count330
\c@ALC@depth=\count331
\ALC@tlm=\skip66
\algorithmicindent=\skip67
)
(/usr/share/texlive/texmf-dist/tex/latex/csquotes/csquotes.sty
Package: csquotes 2021-02-22 v5.2l context-sensitive quotations (JAW)
\csq@reset=\count332
\csq@gtype=\count333
\csq@glevel=\count334
\csq@qlevel=\count335
\csq@maxlvl=\count336
\csq@tshold=\count337
\csq@ltx@everypar=\toks35

(/usr/share/texlive/texmf-dist/tex/latex/csquotes/csquotes.def
File: csquotes.def 2021-02-22 v5.2l csquotes generic definitions (JAW)
)
Package csquotes Info: Trying to load configuration file 'csquotes.cfg'...
Package csquotes Info: ... configuration file loaded successfully.

(/usr/share/texlive/texmf-dist/tex/latex/csquotes/csquotes.cfg
File: csquotes.cfg 
)
Package csquotes Info: Option 'babel' depreciated.
(csquotes)             Using 'autostyle'.
Package csquotes Info: Enabling multilingual quotes.
)
(/usr/share/texlive/texmf-dist/tex/latex/hyperref/hyperref.sty
Package: hyperref 2021-06-07 v7.00m Hypertext links for LaTeX

(/usr/share/texlive/texmf-dist/tex/generic/ltxcmds/ltxcmds.sty
Package: ltxcmds 2020-05-10 v1.25 LaTeX kernel commands for general use (HO)
)
(/usr/share/texlive/texmf-dist/tex/generic/pdftexcmds/pdftexcmds.sty
Package: pdftexcmds 2020-06-27 v0.33 Utility functions of pdfTeX for LuaTeX (HO
)

(/usr/share/texlive/texmf-dist/tex/generic/infwarerr/infwarerr.sty
Package: infwarerr 2019/12/03 v1.5 Providing info/warning/error messages (HO)
)
Package pdftexcmds Info: \pdf@primitive is available.
Package pdftexcmds Info: \pdf@ifprimitive is available.
Package pdftexcmds Info: \pdfdraftmode found.
)
(/usr/share/texlive/texmf-dist/tex/generic/kvsetkeys/kvsetkeys.sty
Package: kvsetkeys 2019/12/15 v1.18 Key value parser (HO)
)
(/usr/share/texlive/texmf-dist/tex/generic/kvdefinekeys/kvdefinekeys.sty
Package: kvdefinekeys 2019-12-19 v1.6 Define keys (HO)
)
(/usr/share/texlive/texmf-dist/tex/generic/pdfescape/pdfescape.sty
Package: pdfescape 2019/12/09 v1.15 Implements pdfTeX's escape features (HO)
)
(/usr/share/texlive/texmf-dist/tex/latex/hycolor/hycolor.sty
Package: hycolor 2020-01-27 v1.10 Color options for hyperref/bookmark (HO)
)
(/usr/share/texlive/texmf-dist/tex/latex/letltxmacro/letltxmacro.sty
Package: letltxmacro 2019/12/03 v1.6 Let assignment for LaTeX macros (HO)
)
(/usr/share/texlive/texmf-dist/tex/latex/auxhook/auxhook.sty
Package: auxhook 2019-12-17 v1.6 Hooks for auxiliary files (HO)
)
(/usr/share/texlive/texmf-dist/tex/latex/kvoptions/kvoptions.sty
Package: kvoptions 2020-10-07 v3.14 Key value format for package options (HO)
)
\@linkdim=\dimen192
\Hy@linkcounter=\count338
\Hy@pagecounter=\count339

(/usr/share/texlive/texmf-dist/tex/latex/hyperref/pd1enc.def
File: pd1enc.def 2021-06-07 v7.00m Hyperref: PDFDocEncoding definition (HO)
Now handling font encoding PD1 ...
... no UTF-8 mapping file for font encoding PD1
)
(/usr/share/texlive/texmf-dist/tex/latex/hyperref/hyperref-langpatches.def
File: hyperref-langpatches.def 2021-06-07 v7.00m Hyperref: patches for babel la
nguages
)
(/usr/share/texlive/texmf-dist/tex/generic/intcalc/intcalc.sty
Package: intcalc 2019/12/15 v1.3 Expandable calculations with integers (HO)
)
(/usr/share/texlive/texmf-dist/tex/generic/etexcmds/etexcmds.sty
Package: etexcmds 2019/12/15 v1.7 Avoid name clashes with e-TeX commands (HO)
)
\Hy@SavedSpaceFactor=\count340

(/usr/share/texlive/texmf-dist/tex/latex/hyperref/puenc.def
File: puenc.def 2021-06-07 v7.00m Hyperref: PDF Unicode definition (HO)
Now handling font encoding PU ...
... no UTF-8 mapping file for font encoding PU
)
Package hyperref Info: Hyper figures OFF on input line 4192.
Package hyperref Info: Link nesting OFF on input line 4197.
Package hyperref Info: Hyper index ON on input line 4200.
Package hyperref Info: Plain pages OFF on input line 4207.
Package hyperref Info: Backreferencing OFF on input line 4212.
Package hyperref Info: Implicit mode ON; LaTeX internals redefined.
Package hyperref Info: Bookmarks ON on input line 4445.
\c@Hy@tempcnt=\count341
LaTeX Info: Redefining \url on input line 4804.
\XeTeXLinkMargin=\dimen193

(/usr/share/texlive/texmf-dist/tex/generic/bitset/bitset.sty
Package: bitset 2019/12/09 v1.3 Handle bit-vector datatype (HO)

(/usr/share/texlive/texmf-dist/tex/generic/bigintcalc/bigintcalc.sty
Package: bigintcalc 2019/12/15 v1.5 Expandable calculations on big integers (HO
)
))
\Fld@menulength=\count342
\Field@Width=\dimen194
\Fld@charsize=\dimen195
Package hyperref Info: Hyper figures OFF on input line 6076.
Package hyperref Info: Link nesting OFF on input line 6081.
Package hyperref Info: Hyper index ON on input line 6084.
Package hyperref Info: backreferencing OFF on input line 6091.
Package hyperref Info: Link coloring OFF on input line 6096.
Package hyperref Info: Link coloring with OCG OFF on input line 6101.
Package hyperref Info: PDF/A mode OFF on input line 6106.
LaTeX Info: Redefining \ref on input line 6146.
LaTeX Info: Redefining \pageref on input line 6150.

(/usr/share/texlive/texmf-dist/tex/latex/base/atbegshi-ltx.sty
Package: atbegshi-ltx 2021/01/10 v1.0c Emulation of the original atbegshi
package with kernel methods
)
\Hy@abspage=\count343
\c@Item=\count344
\c@Hfootnote=\count345
)
Package hyperref Info: Driver (autodetected): hpdftex.

(/usr/share/texlive/texmf-dist/tex/latex/hyperref/hpdftex.def
File: hpdftex.def 2021-06-07 v7.00m Hyperref driver for pdfTeX

(/usr/share/texlive/texmf-dist/tex/latex/base/atveryend-ltx.sty
Package: atveryend-ltx 2020/08/19 v1.0a Emulation of the original atveryend pac
kage
with kernel methods
)
\Fld@listcount=\count346
\c@bookmark@seq@number=\count347

(/usr/share/texlive/texmf-dist/tex/latex/rerunfilecheck/rerunfilecheck.sty
Package: rerunfilecheck 2019/12/05 v1.9 Rerun checks for auxiliary files (HO)

(/usr/share/texlive/texmf-dist/tex/generic/uniquecounter/uniquecounter.sty
Package: uniquecounter 2019/12/15 v1.4 Provide unlimited unique counter (HO)
)
Package uniquecounter Info: New unique counter `rerunfilecheck' on input line 2
86.
)
\Hy@SectionHShift=\skip68
)
(/usr/share/texlive/texmf-dist/tex/latex/biblatex/biblatex.sty
Package: biblatex 2022/02/02 v3.17 programmable bibliographies (PK/MW)

(/usr/share/texlive/texmf-dist/tex/latex/logreq/logreq.sty
Package: logreq 2010/08/04 v1.0 xml request logger
\lrq@indent=\count348

(/usr/share/texlive/texmf-dist/tex/latex/logreq/logreq.def
File: logreq.def 2010/08/04 v1.0 logreq spec v1.0
))
\c@tabx@nest=\count349
\c@listtotal=\count350
\c@listcount=\count351
\c@liststart=\count352
\c@liststop=\count353
\c@citecount=\count354
\c@citetotal=\count355
\c@multicitecount=\count356
\c@multicitetotal=\count357
\c@instcount=\count358
\c@maxnames=\count359
\c@minnames=\count360
\c@maxitems=\count361
\c@minitems=\count362
\c@citecounter=\count363
\c@maxcitecounter=\count364
\c@savedcitecounter=\count365
\c@uniquelist=\count366
\c@uniquename=\count367
\c@refsection=\count368
\c@refsegment=\count369
\c@maxextratitle=\count370
\c@maxextratitleyear=\count371
\c@maxextraname=\count372
\c@maxextradate=\count373
\c@maxextraalpha=\count374
\c@abbrvpenalty=\count375
\c@highnamepenalty=\count376
\c@lownamepenalty=\count377
\c@maxparens=\count378
\c@parenlevel=\count379
\blx@tempcnta=\count380
\blx@tempcntb=\count381
\blx@tempcntc=\count382
\c@blx@maxsection=\count383
\c@blx@maxsegment@0=\count384
\blx@notetype=\count385
\blx@parenlevel@text=\count386
\blx@parenlevel@foot=\count387
\c@blx@sectionciteorder@0=\count388
\blx@entrysetcounter=\count389
\blx@biblioinstance=\count390
\labelnumberwidth=\skip69
\labelalphawidth=\skip70
\biblabelsep=\skip71
\bibitemsep=\skip72
\bibnamesep=\skip73
\bibinitsep=\skip74
\bibparsep=\skip75
\bibhang=\skip76
\blx@bcfin=\read4
\blx@bcfout=\write3
\blx@langwohyphens=\language88
\c@mincomprange=\count391
\c@maxcomprange=\count392
\c@mincompwidth=\count393
Package biblatex Info: Trying to load biblatex default data model...
Package biblatex Info: ... file 'blx-dm.def' found.

(/usr/share/texlive/texmf-dist/tex/latex/biblatex/blx-dm.def
File: blx-dm.def 2022/02/02 v3.17 biblatex localization (PK/MW)
)
Package biblatex Info: Trying to load biblatex custom data model...
Package biblatex Info: ... file 'biblatex-dm.cfg' not found.
\c@afterword=\count394
\c@savedafterword=\count395
\c@annotator=\count396
\c@savedannotator=\count397
\c@author=\count398
\c@savedauthor=\count399
\c@bookauthor=\count400
\c@savedbookauthor=\count401
\c@commentator=\count402
\c@savedcommentator=\count403
\c@editor=\count404
\c@savededitor=\count405
\c@editora=\count406
\c@savededitora=\count407
\c@editorb=\count408
\c@savededitorb=\count409
\c@editorc=\count410
\c@savededitorc=\count411
\c@foreword=\count412
\c@savedforeword=\count413
\c@holder=\count414
\c@savedholder=\count415
\c@introduction=\count416
\c@savedintroduction=\count417
\c@namea=\count418
\c@savednamea=\count419
\c@nameb=\count420
\c@savednameb=\count421
\c@namec=\count422
\c@savednamec=\count423
\c@translator=\count424
\c@savedtranslator=\count425
\c@shortauthor=\count426
\c@savedshortauthor=\count427
\c@shorteditor=\count428
\c@savedshorteditor=\count429
\c@labelname=\count430
\c@savedlabelname=\count431
\c@institution=\count432
\c@savedinstitution=\count433
\c@lista=\count434
\c@savedlista=\count435
\c@listb=\count436
\c@savedlistb=\count437
\c@listc=\count438
\c@savedlistc=\count439
\c@listd=\count440
\c@savedlistd=\count441
\c@liste=\count442
\c@savedliste=\count443
\c@listf=\count444
\c@savedlistf=\count445
\c@location=\count446
\c@savedlocation=\count447
\c@organization=\count448
\c@savedorganization=\count449
\c@origlocation=\count450
\c@savedoriglocation=\count451
\c@origpublisher=\count452
\c@savedorigpublisher=\count453
\c@publisher=\count454
\c@savedpublisher=\count455
\c@language=\count456
\c@savedlanguage=\count457
\c@origlanguage=\count458
\c@savedoriglanguage=\count459
\c@pageref=\count460
\c@savedpageref=\count461
\shorthandwidth=\skip77
\shortjournalwidth=\skip78
\shortserieswidth=\skip79
\shorttitlewidth=\skip80
\shortauthorwidth=\skip81
\shorteditorwidth=\skip82
\locallabelnumberwidth=\skip83
\locallabelalphawidth=\skip84
\localshorthandwidth=\skip85
\localshortjournalwidth=\skip86
\localshortserieswidth=\skip87
\localshorttitlewidth=\skip88
\localshortauthorwidth=\skip89
\localshorteditorwidth=\skip90
Package biblatex Info: Trying to load compatibility code...
Package biblatex Info: ... file 'blx-compat.def' found.

(/usr/share/texlive/texmf-dist/tex/latex/biblatex/blx-compat.def
File: blx-compat.def 2022/02/02 v3.17 biblatex compatibility (PK/MW)
)
Package biblatex Info: Trying to load BibTeX backend compatibility...
Package biblatex Info: ... file 'blx-bibtex.def' found.

(/usr/share/texlive/texmf-dist/tex/latex/biblatex/blx-bibtex.def
File: blx-bibtex.def 2022/02/02 v3.17 biblatex compatibility (PK/MW)


Package biblatex Warning: Using fall-back BibTeX(8) backend:
(biblatex)                functionality may be reduced/unavailable.

)
Package biblatex Info: Trying to load generic definitions...
Package biblatex Info: ... file 'biblatex.def' found.
 (/usr/share/texlive/texmf-dist/tex/latex/biblatex/biblatex.def
File: biblatex.def 2022/02/02 v3.17 biblatex compatibility (PK/MW)
\c@textcitecount=\count462
\c@textcitetotal=\count463
\c@textcitemaxnames=\count464
\c@biburlbigbreakpenalty=\count465
\c@biburlbreakpenalty=\count466
\c@biburlnumpenalty=\count467
\c@biburlucpenalty=\count468
\c@biburllcpenalty=\count469
\biburlbigskip=\muskip18
\biburlnumskip=\muskip19
\biburlucskip=\muskip20
\biburllcskip=\muskip21
\c@smartand=\count470
)
Package biblatex Info: Trying to load bibliography style 'numeric'...
Package biblatex Info: ... file 'numeric.bbx' found.

(/usr/share/texlive/texmf-dist/tex/latex/biblatex/bbx/numeric.bbx
File: numeric.bbx 2022/02/02 v3.17 biblatex bibliography style (PK/MW)
Package biblatex Info: Trying to load bibliography style 'standard'...
Package biblatex Info: ... file 'standard.bbx' found.

(/usr/share/texlive/texmf-dist/tex/latex/biblatex/bbx/standard.bbx
File: standard.bbx 2022/02/02 v3.17 biblatex bibliography style (PK/MW)
\c@bbx:relatedcount=\count471
\c@bbx:relatedtotal=\count472
))
Package biblatex Info: Trying to load citation style 'numeric'...
Package biblatex Info: ... file 'numeric.cbx' found.

(/usr/share/texlive/texmf-dist/tex/latex/biblatex/cbx/numeric.cbx
File: numeric.cbx 2022/02/02 v3.17 biblatex citation style (PK/MW)
Package biblatex Info: Redefining '\cite'.
Package biblatex Info: Redefining '\parencite'.
Package biblatex Info: Redefining '\footcite'.
Package biblatex Info: Redefining '\footcitetext'.
Package biblatex Info: Redefining '\smartcite'.
Package biblatex Info: Redefining '\supercite'.
Package biblatex Info: Redefining '\textcite'.
Package biblatex Info: Redefining '\textcites'.
Package biblatex Info: Redefining '\cites'.
Package biblatex Info: Redefining '\parencites'.
Package biblatex Info: Redefining '\smartcites'.
)
Package biblatex Info: Trying to load configuration file...
Package biblatex Info: ... file 'biblatex.cfg' found.

(/usr/share/texlive/texmf-dist/tex/latex/biblatex/biblatex.cfg
File: biblatex.cfg 
)
Package biblatex Info: Input encoding 'utf8' detected.
Package biblatex Info: Document encoding is UTF8 ....

(/usr/share/texlive/texmf-dist/tex/latex/l3kernel/expl3.sty
Package: expl3 2022-01-21 L3 programming layer (loader) 

(/usr/share/texlive/texmf-dist/tex/latex/l3backend/l3backend-pdftex.def
File: l3backend-pdftex.def 2022-01-12 L3 backend support: PDF output (pdfTeX)
\l__color_backend_stack_int=\count473
\l__pdf_internal_box=\box106
))
Package biblatex Info: ... and expl3
(biblatex)             2022-01-21 L3 programming layer (loader) 
(biblatex)             is new enough (at least 2020/04/06),
(biblatex)             setting 'casechanger=expl3'.

(/usr/share/texlive/texmf-dist/tex/latex/biblatex/blx-case-expl3.sty
(/usr/share/texlive/texmf-dist/tex/latex/l3packages/xparse/xparse.sty
Package: xparse 2022-01-12 L3 Experimental document command parser
)
Package: blx-case-expl3 2022/02/02 v3.17 expl3 case changing code for biblatex
))
(/usr/share/texlive/texmf-dist/tex/latex/xcolor/xcolor.sty
Package: xcolor 2021/10/31 v2.13 LaTeX color extensions (UK)

(/usr/share/texlive/texmf-dist/tex/latex/graphics-cfg/color.cfg
File: color.cfg 2016/01/02 v1.6 sample color configuration
)
Package xcolor Info: Driver file: pdftex.def on input line 227.
Package xcolor Info: Model `cmy' substituted by `cmy0' on input line 1352.
Package xcolor Info: Model `hsb' substituted by `rgb' on input line 1356.
Package xcolor Info: Model `RGB' extended on input line 1368.
Package xcolor Info: Model `HTML' substituted by `rgb' on input line 1370.
Package xcolor Info: Model `Hsb' substituted by `hsb' on input line 1371.
Package xcolor Info: Model `tHsb' substituted by `hsb' on input line 1372.
Package xcolor Info: Model `HSB' substituted by `hsb' on input line 1373.
Package xcolor Info: Model `Gray' substituted by `gray' on input line 1374.
Package xcolor Info: Model `wave' substituted by `hsb' on input line 1375.
)
(/usr/share/texlive/texmf-dist/tex/latex/enumitem/enumitem.sty
Package: enumitem 2019/06/20 v3.9 Customized lists
\labelindent=\skip91
\enit@outerparindent=\dimen196
\enit@toks=\toks36
\enit@inbox=\box107
\enit@count@id=\count474
\enitdp@description=\count475
)
(/usr/share/texlive/texmf-dist/tex/latex/titlesec/titlesec.sty
Package: titlesec 2021/07/05 v2.14 Sectioning titles
\ttl@box=\box108
\beforetitleunit=\skip92
\aftertitleunit=\skip93
\ttl@plus=\dimen197
\ttl@minus=\dimen198
\ttl@toksa=\toks37
\titlewidth=\dimen199
\titlewidthlast=\dimen256
\titlewidthfirst=\dimen257
)
(/usr/share/texlive/texmf-dist/tex/latex/caption/caption.sty
Package: caption 2020/10/26 v3.5g Customizing captions (AR)

(/usr/share/texlive/texmf-dist/tex/latex/caption/caption3.sty
Package: caption3 2020/10/21 v2.2e caption3 kernel (AR)
\captionmargin=\dimen258
\captionmargin@=\dimen259
\captionwidth=\dimen260
\caption@tempdima=\dimen261
\caption@indent=\dimen262
\caption@parindent=\dimen263
\caption@hangindent=\dimen264
Package caption Info: Unknown document class (or package),
(caption)             standard defaults will be used.
Package caption Info: \@makecaption = \long macro:#1#2->\begingroup \small \par
skip \z@ \parindent \z@ \finalhyphendemerits 100000\relax \linespread {0.95}\se
lectfont \vskip \abovecaptionskip \captionwidth =\hsize \advance \captionwidth 
-3em \setbox 0 \hbox {#1.\quad #2}\ifdim \wd 0>\hsize \setbox 1 \vbox {\hsize =
\captionwidth \unhbox 0\par \global \setbox 2\lastbox }\setbox 2\hbox {\unhbox 
2}\ifdim \wd 2<0.333333\captionwidth \count 255=\ht 1 \advance \count 255 \dp 1
 \divide \count 255\baselineskip \advance \count 255\@ne \@tempdima =\wd 2 \adv
ance \@tempdima \count 255\captionwidth \advance \@tempdima 0.5\captionwidth \a
dvance \count 255\@ne \divide \@tempdima \count 255 \captionwidth =\@tempdima \
setbox 0 \vbox {\hsize \captionwidth #1.\quad #2} \else \setbox 2\hbox to\capti
onwidth {\unhbox 2 \hfill }\setbox 0\vbox {\unvbox 1\box 2}\fi \fi \makebox [\h
size ]{\box 0}\endgroup  on input line 1139.
)

Package caption Warning: Unknown document class (or package),
(caption)                standard defaults will be used.
See the caption package documentation for explanation.

\c@caption@flags=\count476
\c@continuedfloat=\count477
Package caption Info: float package is loaded.
Package caption Info: hyperref package is loaded.
Package caption Info: listings package is loaded.
Package caption Info: rotating package is loaded.
Package caption Info: wrapfig package is loaded.
) (/usr/share/texlive/texmf-dist/tex/latex/dirtytalk/dirtytalk.sty
Package: dirtytalk 2010/11/21 A package making "quoting" easier
\c@dirtytalk@qdepth=\count478
)
(/usr/share/texlive/texmf-dist/tex/latex/lipsum/lipsum.sty
(/usr/share/texlive/texmf-dist/tex/latex/l3packages/l3keys2e/l3keys2e.sty
Package: l3keys2e 2022-01-12 LaTeX2e option processing using LaTeX3 keys
)
Package: lipsum 2021-09-20 v2.7 150 paragraphs of Lorem Ipsum dummy text
\g__lipsum_par_int=\count479
\l__lipsum_a_int=\count480
\l__lipsum_b_int=\count481

(/usr/share/texlive/texmf-dist/tex/latex/lipsum/lipsum.ltd.tex))
(/usr/share/texlive/texmf-dist/tex/latex/amscls/amsthm.sty
Package: amsthm 2020/05/29 v2.20.6
\thm@style=\toks38
\thm@bodyfont=\toks39
\thm@headfont=\toks40
\thm@notefont=\toks41
\thm@headpunct=\toks42
\thm@preskip=\skip94
\thm@postskip=\skip95
\thm@headsep=\skip96
\dth@everypar=\toks43
)
(/usr/share/texlive/texmf-dist/tex/latex/frontespizio/frontespizio.sty
Package: frontespizio 2011/09/21 1.4a (Enrico Gregorio)

(/usr/share/texlive/texmf-dist/tex/latex/tools/afterpage.sty
Package: afterpage 2014/10/28 v1.08 After-Page Package (DPC)
\AP@output=\toks44
\AP@partial=\box109
\AP@footins=\box110
)
(/usr/share/texlive/texmf-dist/tex/latex/environ/environ.sty
Package: environ 2014/05/04 v0.3 A new way to define environments

(/usr/share/texlive/texmf-dist/tex/latex/trimspaces/trimspaces.sty
Package: trimspaces 2009/09/17 v1.1 Trim spaces around a token list
))
(/usr/share/texlive/texmf-dist/tex/generic/iftex/ifpdf.sty
Package: ifpdf 2019/10/25 v3.4 ifpdf legacy package. Use iftex instead.
)
\front@out=\write4
\openout4 = `tesi-frn.tex'.

)
(/usr/share/texlive/texmf-dist/tex/latex/subfigure/subfigure.sty
Package: subfigure 2002/03/15 v2.1.5 subfigure package
\subfigtopskip=\skip97
\subfigcapskip=\skip98
\subfigcaptopadj=\dimen265
\subfigbottomskip=\skip99
\subfigcapmargin=\dimen266
\subfiglabelskip=\skip100
\c@subfigure=\count482
\c@lofdepth=\count483
\c@subtable=\count484
\c@lotdepth=\count485

****************************************
* Local config file subfigure.cfg used *
****************************************
(/usr/share/texlive/texmf-dist/tex/latex/subfigure/subfigure.cfg)
\subfig@top=\skip101
\subfig@bottom=\skip102
)
\c@example=\count486
Package hyperref Info: Option `bookmarksopen' set `true' on input line 64.
Package hyperref Info: Option `colorlinks' set `true' on input line 64.
Package csquotes Info: Checking for multilingual support...
Package csquotes Info: ... found 'babel' package.
LaTeX Font Info:    Trying to load font information for T1+lmr on input line 22
6.

(/usr/share/texmf/tex/latex/lm/t1lmr.fd
File: t1lmr.fd 2009/10/30 v1.6 Font defs for Latin Modern
) (./tesi.aux
(./sections/chap_blockchain.aux) (./sections/chap_bitcoin.aux

LaTeX Warning: Label `sec:introduzione' multiply defined.

) (./sections/chap_bitcoincore.aux

LaTeX Warning: Label `code:examplep2wsh' multiply defined.


LaTeX Warning: Label `code:examplep2wsh' multiply defined.

) (./sections/chap_problema.aux) (./sections/chap_riferimenti_storici.aux)
(./sections/chap_tecnologie_utilizzate.aux)
(./sections/chap_soluzione_proposta.aux

LaTeX Warning: Label `sec:spycblock' multiply defined.


LaTeX Warning: Label `fig:analisisScript' multiply defined.

) (./sections/chap_conclusioni.aux) (./sections/app_a.aux

LaTeX Warning: Label `sec:genesiBlockTxJSON' multiply defined.


LaTeX Warning: Label `code:processBuilHashTx' multiply defined.

))
\openout1 = `tesi.aux'.

LaTeX Font Info:    Checking defaults for OML/cmm/m/it on input line 226.
LaTeX Font Info:    ... okay on input line 226.
LaTeX Font Info:    Checking defaults for OMS/cmsy/m/n on input line 226.
LaTeX Font Info:    ... okay on input line 226.
LaTeX Font Info:    Checking defaults for OT1/cmr/m/n on input line 226.
LaTeX Font Info:    ... okay on input line 226.
LaTeX Font Info:    Checking defaults for T1/cmr/m/n on input line 226.
LaTeX Font Info:    ... okay on input line 226.
LaTeX Font Info:    Checking defaults for TS1/cmr/m/n on input line 226.
LaTeX Font Info:    ... okay on input line 226.
LaTeX Font Info:    Checking defaults for OMX/cmex/m/n on input line 226.
LaTeX Font Info:    ... okay on input line 226.
LaTeX Font Info:    Checking defaults for U/cmr/m/n on input line 226.
LaTeX Font Info:    ... okay on input line 226.
LaTeX Font Info:    Checking defaults for PD1/pdf/m/n on input line 226.
LaTeX Font Info:    ... okay on input line 226.
LaTeX Font Info:    Checking defaults for PU/pdf/m/n on input line 226.
LaTeX Font Info:    ... okay on input line 226.
LaTeX Info: Redefining \it@ocap on input line 226.
LaTeX Info: Redefining \it@ccap on input line 226.
 (/usr/share/texlive/texmf-dist/tex/context/base/mkii/supp-pdf.mkii
[Loading MPS to PDF converter (version 2006.09.02).]
\scratchcounter=\count487
\scratchdimen=\dimen267
\scratchbox=\box111
\nofMPsegments=\count488
\nofMParguments=\count489
\everyMPshowfont=\toks45
\MPscratchCnt=\count490
\MPscratchDim=\dimen268
\MPnumerator=\count491
\makeMPintoPDFobject=\count492
\everyMPtoPDFconversion=\toks46
) (/usr/share/texlive/texmf-dist/tex/latex/epstopdf-pkg/epstopdf-base.sty
Package: epstopdf-base 2020-01-24 v2.11 Base part for package epstopdf

(/usr/share/texlive/texmf-dist/tex/latex/grfext/grfext.sty
Package: grfext 2019/12/03 v1.3 Manage graphics extensions (HO)
)
Package epstopdf-base Info: Redefining graphics rule for `.eps' on input line 4
85.
Package grfext Info: Graphics extension search list:
(grfext)             [.pdf,.png,.jpg,.mps,.jpeg,.jbig2,.jb2,.PDF,.PNG,.JPG,.JPE
G,.JBIG2,.JB2,.eps]
(grfext)             \AppendGraphicsExtensions on input line 504.

(/usr/share/texlive/texmf-dist/tex/latex/latexconfig/epstopdf-sys.cfg
File: epstopdf-sys.cfg 2010/07/13 v1.3 Configuration of (r)epstopdf for TeX Liv
e
))
\c@lstlisting=\count493

*geometry* driver: auto-detecting
*geometry* detected driver: pdftex
*geometry* verbose mode - [ preamble ] result:
* pass: disregarded the geometry package!
* \paperwidth=597.50787pt
* \paperheight=845.04684pt
* \textwidth=426.79135pt
* \textheight=595.80026pt
* \oddsidemargin=13.08827pt
* \evensidemargin=13.08827pt
* \topmargin=0.0pt
* \headheight=12.0pt
* \headsep=25.0pt
* \topskip=11.0pt
* \footskip=27.20001pt
* \marginparwidth=60.35826pt
* \marginparsep=10.0pt
* \columnsep=10.0pt
* \skip\footins=24.0pt plus 4.0pt minus 2.0pt
* \hoffset=0.0pt
* \voffset=0.0pt
* \mag=1000
* \@twocolumnfalse
* \@twosidefalse
* \@mparswitchfalse
* \@reversemarginfalse
* (1in=72.27pt=25.4mm, 1cm=28.453pt)

Package hyperref Info: Link coloring ON on input line 226.
(/usr/share/texlive/texmf-dist/tex/latex/hyperref/nameref.sty
Package: nameref 2021-04-02 v2.47 Cross-referencing by name of section

(/usr/share/texlive/texmf-dist/tex/latex/refcount/refcount.sty
Package: refcount 2019/12/15 v3.6 Data extraction from label references (HO)
)
(/usr/share/texlive/texmf-dist/tex/generic/gettitlestring/gettitlestring.sty
Package: gettitlestring 2019/12/15 v1.6 Cleanup title references (HO)
)
\c@section@level=\count494
LaTeX Info: Redefining \Ref on input line 520.
)
LaTeX Info: Redefining \ref on input line 226.
LaTeX Info: Redefining \pageref on input line 226.
LaTeX Info: Redefining \nameref on input line 226.

(./tesi.out) (./tesi.out)
\@outlinefile=\write5
\openout5 = `tesi.out'.

LaTeX Info: Redefining \Ref on input line 226.
Package biblatex Info: Trying to load language 'italian'...
Package biblatex Info: ... file 'italian.lbx' found.

(/usr/share/texlive/texmf-dist/tex/latex/biblatex/lbx/italian.lbx
File: italian.lbx 2022/02/02 v3.17 biblatex localization (PK/MW)
)
Package biblatex Info: Trying to load language 'english'...
Package biblatex Info: ... file 'english.lbx' found.

(/usr/share/texlive/texmf-dist/tex/latex/biblatex/lbx/english.lbx
File: english.lbx 2022/02/02 v3.17 biblatex localization (PK/MW)
)
Package biblatex Info: Input encoding 'utf8' detected.
Package biblatex Info: Automatic encoding selection.
(biblatex)             Assuming data encoding 'utf8'.
Package biblatex Info: Input encoding 'utf8' detected.
Package biblatex Info: Data encoding 'utf8' specified.
(biblatex)             No need to reencode data.
\openout3 = `tesi-blx.bib'.

Package biblatex Info: Trying to load bibliographic data...
Package biblatex Info: ... file 'tesi.bbl' found.
 (./tesi.bbl)
Package biblatex Info: Reference section=0 on input line 226.
Package biblatex Info: Reference segment=0 on input line 226.
Package caption Info: Begin \AtBeginDocument code.
Package caption Info: subfigure package is loaded.
Package caption Info: End \AtBeginDocument code.
<tesi-frn.pdf, id=241, 597.50829pt x 845.0471pt>
File: tesi-frn.pdf Graphic file (type pdf)
<use tesi-frn.pdf>
Package pdftex.def Info: tesi-frn.pdf  used on input line 228.
(pdftex.def)             Requested size: 597.50682pt x 845.04504pt.
[1



 <./tesi-frn.pdf{/var/lib/texmf/fonts/map/pdftex/updmap/pdftex.map}>]pdfTeX war
ning (ext4): destination with the same identifier (name{page.i}) has been alrea
dy used, duplicate ignored
<to be read again> 
                   \relax 
l.269 \cleardoublepage
                       [1

] [2


] (./tesi.toc
LaTeX Font Info:    Trying to load font information for OT1+lmr on input line 6
.

(/usr/share/texmf/tex/latex/lm/ot1lmr.fd
File: ot1lmr.fd 2009/10/30 v1.6 Font defs for Latin Modern
)
LaTeX Font Info:    Trying to load font information for OML+lmm on input line 6
.

(/usr/share/texmf/tex/latex/lm/omllmm.fd
File: omllmm.fd 2009/10/30 v1.6 Font defs for Latin Modern
)
LaTeX Font Info:    Trying to load font information for OMS+lmsy on input line 
6.

(/usr/share/texmf/tex/latex/lm/omslmsy.fd
File: omslmsy.fd 2009/10/30 v1.6 Font defs for Latin Modern
)
LaTeX Font Info:    Trying to load font information for OMX+lmex on input line 
6.

(/usr/share/texmf/tex/latex/lm/omxlmex.fd
File: omxlmex.fd 2009/10/30 v1.6 Font defs for Latin Modern
)
LaTeX Font Info:    External font `lmex10' loaded for size
(Font)              <10.95> on input line 6.
LaTeX Font Info:    External font `lmex10' loaded for size
(Font)              <8> on input line 6.
LaTeX Font Info:    External font `lmex10' loaded for size
(Font)              <6> on input line 6.
LaTeX Font Info:    Trying to load font information for U+msa on input line 6.

(/usr/share/texlive/texmf-dist/tex/latex/amsfonts/umsa.fd
File: umsa.fd 2013/01/14 v3.01 AMS symbols A
)
LaTeX Font Info:    Trying to load font information for U+msb on input line 6.

(/usr/share/texlive/texmf-dist/tex/latex/amsfonts/umsb.fd
File: umsb.fd 2013/01/14 v3.01 AMS symbols B
) [3

])
\tf@toc=\write6
\openout6 = `tesi.toc'.

 [4]
\openout2 = `sections/chap_blockchain.aux'.


(./sections/chap_blockchain.tex
Capitolo 1.
LaTeX Font Info:    External font `lmex10' loaded for size
(Font)              <9> on input line 18.
LaTeX Font Info:    External font `lmex10' loaded for size
(Font)              <5> on input line 18.
[1




]
LaTeX Font Info:    External font `lmex10' loaded for size
(Font)              <10> on input line 35.
LaTeX Font Info:    External font `lmex10' loaded for size
(Font)              <7> on input line 35.
LaTeX Font Info:    Trying to load font information for TS1+lmr on input line 5
4.
 (/usr/share/texmf/tex/latex/lm/ts1lmr.fd
File: ts1lmr.fd 2009/10/30 v1.6 Font defs for Latin Modern
) [2]
<images/image-merkle-treepng.png, id=369, 491.8375pt x 341.275pt>
File: images/image-merkle-treepng.png Graphic file (type png)
<use images/image-merkle-treepng.png>
Package pdftex.def Info: images/image-merkle-treepng.png  used on input line 66
.
(pdftex.def)             Requested size: 256.07741pt x 177.69313pt.
) [3 <./images/image-merkle-treepng.png>]
\openout2 = `sections/chap_bitcoin.aux'.

 (./sections/chap_bitcoin.tex
Capitolo 2.
LaTeX Font Info:    Trying to load font information for T1+lmtt on input line 8
.
(/usr/share/texmf/tex/latex/lm/t1lmtt.fd
File: t1lmtt.fd 2009/10/30 v1.6 Font defs for Latin Modern
) [4




]
<images/example_alice_bob_vincent.png, id=388, 982.67125pt x 270.00874pt>
File: images/example_alice_bob_vincent.png Graphic file (type png)
<use images/example_alice_bob_vincent.png>
Package pdftex.def Info: images/example_alice_bob_vincent.png  used on input li
ne 32.
(pdftex.def)             Requested size: 343.9401pt x 94.50447pt.


Package caption Warning: The option `hypcap=true' will be ignored for this
(caption)                particular \caption on input line 33.
See the caption package documentation for explanation.

<images/change_utxo.png, id=393, 1441.385pt x 943.525pt>
File: images/change_utxo.png Graphic file (type png)
<use images/change_utxo.png>
Package pdftex.def Info: images/change_utxo.png  used on input line 50.
(pdftex.def)             Requested size: 256.07741pt x 167.62442pt.
[5 <./images/example_alice_bob_vincent.png (PNG copy)> <./images/change_utxo.pn
g>]
<images/example_coinbase_vincent.png, id=405, 977.6525pt x 389.455pt>
File: images/example_coinbase_vincent.png Graphic file (type png)
<use images/example_coinbase_vincent.png>
Package pdftex.def Info: images/example_coinbase_vincent.png  used on input lin
e 65.
(pdftex.def)             Requested size: 342.1835pt x 136.31128pt.


Package caption Warning: The option `hypcap=true' will be ignored for this
(caption)                particular \caption on input line 66.
See the caption package documentation for explanation.

[6 <./images/example_coinbase_vincent.png (PNG copy)>]
<images/example_bob_sara.png, id=419, 983.675pt x 273.02pt>
File: images/example_bob_sara.png Graphic file (type png)
<use images/example_bob_sara.png>
Package pdftex.def Info: images/example_bob_sara.png  used on input line 89.
(pdftex.def)             Requested size: 344.29141pt x 95.55843pt.


Package caption Warning: The option `hypcap=true' will be ignored for this
(caption)                particular \caption on input line 90.
See the caption package documentation for explanation.

<images/DiagramUnlocLockUTXO.png, id=424, 1451.4225pt x 463.7325pt>
File: images/DiagramUnlocLockUTXO.png Graphic file (type png)
<use images/DiagramUnlocLockUTXO.png>
Package pdftex.def Info: images/DiagramUnlocLockUTXO.png  used on input line 10
5.
(pdftex.def)             Requested size: 290.27936pt x 92.74484pt.

Package caption Warning: The option `hypcap=true' will be ignored for this
(caption)                particular \caption on input line 106.
See the caption package documentation for explanation.

[7 <./images/example_bob_sara.png (PNG copy)> <./images/DiagramUnlocLockUTXO.pn
g>] [8] (/usr/share/texlive/texmf-dist/tex/latex/listings/lstlang1.sty
File: lstlang1.sty 2020/03/24 1.8d listings language file
)
(/usr/share/texlive/texmf-dist/tex/latex/listings/lstlang1.sty
File: lstlang1.sty 2020/03/24 1.8d listings language file
)
(/usr/share/texlive/texmf-dist/tex/latex/listings/lstmisc.sty
File: lstmisc.sty 2020/03/24 1.8d (Carsten Heinz)
) [9]
(./code/enumtx.cpp) (./code/script/p2pkh.btcs)
<images/script/p2pkh/1.png, id=458, 608.2725pt x 152.57pt>
File: images/script/p2pkh/1.png Graphic file (type png)
<use images/script/p2pkh/1.png>
Package pdftex.def Info: images/script/p2pkh/1.png  used on input line 222.
(pdftex.def)             Requested size: 212.89856pt x 53.4003pt.


Package caption Warning: The option `hypcap=true' will be ignored for this
(caption)                particular \caption on input line 223.
See the caption package documentation for explanation.

[10 <./images/script/p2pkh/1.png>]
<images/script/p2pkh/2.png, id=486, 608.2725pt x 202.7575pt>
File: images/script/p2pkh/2.png Graphic file (type png)
<use images/script/p2pkh/2.png>
Package pdftex.def Info: images/script/p2pkh/2.png  used on input line 232.
(pdftex.def)             Requested size: 212.89856pt x 70.96619pt.


Package caption Warning: The option `hypcap=true' will be ignored for this
(caption)                particular \caption on input line 233.
See the caption package documentation for explanation.

File: images/script/p2pkh/2.png Graphic file (type png)
<use images/script/p2pkh/2.png>
Package pdftex.def Info: images/script/p2pkh/2.png  used on input line 241.
(pdftex.def)             Requested size: 212.89856pt x 70.96619pt.

Package caption Warning: The option `hypcap=true' will be ignored for this
(caption)                particular \caption on input line 242.
See the caption package documentation for explanation.

<images/script/p2pkh/4.png, id=489, 608.2725pt x 257.96375pt>
File: images/script/p2pkh/4.png Graphic file (type png)
<use images/script/p2pkh/4.png>
Package pdftex.def Info: images/script/p2pkh/4.png  used on input line 250.
(pdftex.def)             Requested size: 212.89856pt x 90.28865pt.

Package caption Warning: The option `hypcap=true' will be ignored for this
(caption)                particular \caption on input line 251.
See the caption package documentation for explanation.

[11 <./images/script/p2pkh/2.png> <./images/script/p2pkh/4.png>]
<images/script/p2pk/1.png, id=498, 611.28375pt x 113.42375pt>
File: images/script/p2pk/1.png Graphic file (type png)
<use images/script/p2pk/1.png>
Package pdftex.def Info: images/script/p2pk/1.png  used on input line 268.
(pdftex.def)             Requested size: 213.95251pt x 39.6989pt.


Package caption Warning: The option `hypcap=true' will be ignored for this
(caption)                particular \caption on input line 269.
See the caption package documentation for explanation.

<images/script/p2pk/2.png, id=500, 610.28pt x 190.7125pt>
File: images/script/p2pk/2.png Graphic file (type png)
<use images/script/p2pk/2.png>
Package pdftex.def Info: images/script/p2pk/2.png  used on input line 277.
(pdftex.def)             Requested size: 213.6012pt x 66.75037pt.

Package caption Warning: The option `hypcap=true' will be ignored for this
(caption)                particular \caption on input line 278.
See the caption package documentation for explanation.

<images/proccessBuildP2PK.png, id=502, 2376.88pt x 2081.7775pt>
File: images/proccessBuildP2PK.png Graphic file (type png)
<use images/proccessBuildP2PK.png>
Package pdftex.def Info: images/proccessBuildP2PK.png  used on input line 286.
(pdftex.def)             Requested size: 237.70192pt x 208.18994pt.

Package caption Warning: The option `hypcap=true' will be ignored for this
(caption)                particular \caption on input line 287.
See the caption package documentation for explanation.


Underfull \vbox (badness 10000) has occurred while \output is active []

 [12 <./images/script/p2pk/1.png> <./images/script/p2pk/2.png>]
Overfull \hbox (6.15778pt too wide) in paragraph at lines 300--301
\T1/lmr/m/n/10.95 In que-sto esem-pio OP_0 fun-ge da se-gna-po-sto per un bug n
el-l'im-ple-men-ta-zio-ne di OP_CHE-
 []

<images/script/multisig/1.png, id=514, 607.26875pt x 243.91125pt>
File: images/script/multisig/1.png Graphic file (type png)
<use images/script/multisig/1.png>
Package pdftex.def Info: images/script/multisig/1.png  used on input line 306.
(pdftex.def)             Requested size: 212.54724pt x 85.37021pt.

Package caption Warning: The option `hypcap=true' will be ignored for this
(caption)                particular \caption on input line 307.
See the caption package documentation for explanation.

[13 <./images/proccessBuildP2PK.png> <./images/script/multisig/1.png>]
<images/script/multisig/2.png, id=525, 612.2875pt x 512.91624pt>
File: images/script/multisig/2.png Graphic file (type png)
<use images/script/multisig/2.png>
Package pdftex.def Info: images/script/multisig/2.png  used on input line 315.
(pdftex.def)             Requested size: 214.30383pt x 179.52338pt.


Package caption Warning: The option `hypcap=true' will be ignored for this
(caption)                particular \caption on input line 316.
See the caption package documentation for explanation.


Overfull \hbox (19.20442pt too wide) in paragraph at lines 320--321
[]\T1/lmr/m/n/10.95 Infine le fir-me ven-go-no ve-ri-fi-ca-te con le chia-vi pu
b-bli-che me-dian-te l'o-pe-ra-to-re OP_CHECK-
 []

<images/script/multisig/3.png, id=527, 722.7pt x 276.03125pt>
File: images/script/multisig/3.png Graphic file (type png)
<use images/script/multisig/3.png>
Package pdftex.def Info: images/script/multisig/3.png  used on input line 324.
(pdftex.def)             Requested size: 252.94878pt x 96.61238pt.

Package caption Warning: The option `hypcap=true' will be ignored for this
(caption)                particular \caption on input line 325.
See the caption package documentation for explanation.

[14 <./images/script/multisig/2.png> <./images/script/multisig/3.png>]
(./code/script/p2sh-without-key.btcs)
<images/script/p2sh/1.png, id=542, 606.265pt x 133.49875pt>
File: images/script/p2sh/1.png Graphic file (type png)
<use images/script/p2sh/1.png>
Package pdftex.def Info: images/script/p2sh/1.png  used on input line 366.
(pdftex.def)             Requested size: 212.19592pt x 46.72525pt.


Package caption Warning: The option `hypcap=true' will be ignored for this
(caption)                particular \caption on input line 367.
See the caption package documentation for explanation.


Underfull \vbox (badness 1424) has occurred while \output is active []

 [15 <./images/script/p2sh/1.png>]
<images/script/p2sh/2.png, id=560, 611.28375pt x 116.435pt>
File: images/script/p2sh/2.png Graphic file (type png)
<use images/script/p2sh/2.png>
Package pdftex.def Info: images/script/p2sh/2.png  used on input line 375.
(pdftex.def)             Requested size: 213.95251pt x 40.75285pt.


Package caption Warning: The option `hypcap=true' will be ignored for this
(caption)                particular \caption on input line 376.
See the caption package documentation for explanation.

<images/script/p2sh/3.png, id=562, 611.28375pt x 139.52126pt>
File: images/script/p2sh/3.png Graphic file (type png)
<use images/script/p2sh/3.png>
Package pdftex.def Info: images/script/p2sh/3.png  used on input line 384.
(pdftex.def)             Requested size: 213.95251pt x 48.83316pt.

Package caption Warning: The option `hypcap=true' will be ignored for this
(caption)                particular \caption on input line 385.
See the caption package documentation for explanation.

(./code/script/p2sh-with-key.btcs) [16 <./images/script/p2sh/2.png> <./images/s
cript/p2sh/3.png>] [17]
<images/hash-rate.png, id=590, 1912.14375pt x 658.46pt>
File: images/hash-rate.png Graphic file (type png)
<use images/hash-rate.png>
Package pdftex.def Info: images/hash-rate.png  used on input line 440.
(pdftex.def)             Requested size: 382.42198pt x 131.68967pt.


Package caption Warning: The option `hypcap=true' will be ignored for this
(caption)                particular \caption on input line 441.
See the caption package documentation for explanation.

<images/difficulty.png, id=591, 1912.14375pt x 707.64375pt>
File: images/difficulty.png Graphic file (type png)
<use images/difficulty.png>
Package pdftex.def Info: images/difficulty.png  used on input line 445.
(pdftex.def)             Requested size: 382.42198pt x 141.52625pt.

Package caption Warning: The option `hypcap=true' will be ignored for this
(caption)                particular \caption on input line 446.
See the caption package documentation for explanation.

) [18 <./images/hash-rate.png> <./images/difficulty.png>]
\openout2 = `sections/chap_bitcoincore.aux'.


(./sections/chap_bitcoincore.tex
Capitolo 3.
[19




] [20]
Underfull \vbox (badness 1189) has occurred while \output is active []

 [21]
[22] [23] [24]
<images/Lightning-Network-study.png, id=659, 136.1085pt x 66.0066pt>
File: images/Lightning-Network-study.png Graphic file (type png)
<use images/Lightning-Network-study.png>
Package pdftex.def Info: images/Lightning-Network-study.png  used on input line
 303.
(pdftex.def)             Requested size: 163.32936pt x 79.20752pt.


Package caption Warning: The option `hypcap=true' will be ignored for this
(caption)                particular \caption on input line 304.
See the caption package documentation for explanation.

[25 <./images/Lightning-Network-study.png>] (./code/script/examplebip68.btcs)
(./code/script/exampleIfThenElse.txt [26])
(./code/script/exampleComplexNoMiniscript.btcs [27])) [28]
\openout2 = `sections/chap_problema.aux'.


(./sections/chap_problema.tex
Capitolo 4.
<images/exampleWithGraph/complex-tx.png, id=726, 988.69376pt x 180.675pt>
File: images/exampleWithGraph/complex-tx.png Graphic file (type png)
<use images/exampleWithGraph/complex-tx.png>
Package pdftex.def Info: images/exampleWithGraph/complex-tx.png  used on input 
line 12.
(pdftex.def)             Requested size: 346.048pt x 63.23718pt.

Overfull \hbox (3.72002pt too wide) in paragraph at lines 21--22
[]\T1/lmr/m/n/10.95 L'address ``bc1q2-h9emmq-4l9p5dgm-qy27529-3mg57h8c-wdnt-ekj
u'' che rap-pre-sen-ta l'ad-
 []

[29




 <./images/exampleWithGraph/complex-tx.png>]
Overfull \hbox (0.17778pt too wide) in paragraph at lines 31--35
\T1/lmr/m/n/10.95 rzVwYk8-x5R6XdZj-yUW5Pbpv-7L4P-W5x'' e ``38S-jHExbhi-DnmsqGT-
h6BwoHs-UQxDjK-ku-
 []


Overfull \hbox (6.43747pt too wide) in paragraph at lines 43--44
\T1/lmr/m/n/10.95 591b1243-343c8413-c249faac-3e5df2fe-4fa1fc93dca-3d904f3c7'').
 Con-se-guen-te-men-te, il fram-men-
 []

<images/exampleWithGraph/aliceBoxTx.png, id=740, 572.1375pt x 73.27374pt>
File: images/exampleWithGraph/aliceBoxTx.png Graphic file (type png)
<use images/exampleWithGraph/aliceBoxTx.png>
Package pdftex.def Info: images/exampleWithGraph/aliceBoxTx.png  used on input 
line 47.
(pdftex.def)             Requested size: 200.25111pt x 25.64618pt.

Underfull \vbox (badness 5245) has occurred while \output is active []

 [30]
[31 <./images/exampleWithGraph/aliceBoxTx.png>]
<images/exampleWithGraph/exchange-transaction-alice-bob.png, id=761, 472.76625p
t x 126.4725pt>
File: images/exampleWithGraph/exchange-transaction-alice-bob.png Graphic file (
type png)
<use images/exampleWithGraph/exchange-transaction-alice-bob.png>
Package pdftex.def Info: images/exampleWithGraph/exchange-transaction-alice-bob
.png  used on input line 86.
(pdftex.def)             Requested size: 203.28552pt x 54.38211pt.

Overfull \hbox (1.352pt too wide) in paragraph at lines 93--96
\T1/lmr/m/n/10.95 0.00336527 bit-coin, ge-ne-ran-do una nuo-va tran-sa-zio-ne c
on il se-guen-te id ``8b22a9-d19ee58ee1-
 []


Overfull \hbox (8.40454pt too wide) in paragraph at lines 93--96
\T1/lmr/m/n/10.95 b5283632f70-fbeceaf13-948dbc3d-48ea22c02-1a1d82-e1f06'' ver-s
o l'ad-dress di Bob ``1CP-D7Dqgu-
 []

<images/exampleWithGraph/example-p2pkh-exchange-transaction.png, id=765, 400.49
625pt x 117.43875pt>
File: images/exampleWithGraph/example-p2pkh-exchange-transaction.png Graphic fi
le (type png)
<use images/exampleWithGraph/example-p2pkh-exchange-transaction.png>
Package pdftex.def Info: images/exampleWithGraph/example-p2pkh-exchange-transac
tion.png  used on input line 106.
(pdftex.def)             Requested size: 172.21002pt x 50.49767pt.

Underfull \vbox (badness 10000) has occurred while \output is active []

 [32 <./images/exampleWithGraph/exchange-transaction-alice-bob.png>]
<images/exampleWithGraph/exchange-tx-with-same-address.png, id=779, 733.99219pt
 x 201.75375pt>
File: images/exampleWithGraph/exchange-tx-with-same-address.png Graphic file (t
ype png)
<use images/exampleWithGraph/exchange-tx-with-same-address.png>
Package pdftex.def Info: images/exampleWithGraph/exchange-tx-with-same-address.
png  used on input line 131.
(pdftex.def)             Requested size: 256.90111pt x 70.61487pt.
<images/exampleWithGraph/exchange-tx-with-same-address-graph.png, id=783, 551.0
5875pt x 134.5025pt>
File: images/exampleWithGraph/exchange-tx-with-same-address-graph.png Graphic f
ile (type png)
<use images/exampleWithGraph/exchange-tx-with-same-address-graph.png>
Package pdftex.def Info: images/exampleWithGraph/exchange-tx-with-same-address-
graph.png  used on input line 139.
(pdftex.def)             Requested size: 264.50519pt x 64.56046pt.
 [33 <./images/exampleWithGraph/example-p2pkh-exchange-transaction.png> <./imag
es/exampleWithGraph/exchange-tx-with-same-address.png (PNG copy)> <./images/exa
mpleWithGraph/exchange-tx-with-same-address-graph.png>]) [34]
\openout2 = `sections/chap_riferimenti_storici.aux'.


(./sections/chap_riferimenti_storici.tex
Capitolo 5.

Underfull \vbox (badness 2837) has occurred while \output is active []

 [35




]
<images/bivaGraph.pdf, id=812, 232.09113pt x 184.2908pt>
File: images/bivaGraph.pdf Graphic file (type pdf)
<use images/bivaGraph.pdf>
Package pdftex.def Info: images/bivaGraph.pdf  used on input line 49.
(pdftex.def)             Requested size: 232.09055pt x 184.29033pt.

[36 <./images/bivaGraph.pdf>]

pdfTeX warning: pdflatex (file ./images/vs_article.pdf): PDF inclusion: found P
DF version <1.6>, but at most version <1.5> allowed
<images/vs_article.pdf, id=902, 2413.81805pt x 1546.57805pt>
File: images/vs_article.pdf Graphic file (type pdf)
<use images/vs_article.pdf>
Package pdftex.def Info: images/vs_article.pdf  used on input line 62.
(pdftex.def)             Requested size: 241.39595pt x 154.66685pt.
) [37 <./images/vs_article.pdf>]
\openout2 = `sections/chap_tecnologie_utilizzate.aux'.

 (./sections/chap_tecnologie_utilizzate.tex
Capitolo 6.
[38




] [39]) [40]
\openout2 = `sections/chap_soluzione_proposta.aux'.

 (./sections/chap_soluzione_proposta.tex
Capitolo 7.
<images/blockchain-size.png, id=958, 2140.99875pt x 786.94pt>
File: images/blockchain-size.png Graphic file (type png)
<use images/blockchain-size.png>
Package pdftex.def Info: images/blockchain-size.png  used on input line 8.
(pdftex.def)             Requested size: 385.36314pt x 141.64308pt.

Package caption Warning: The option `hypcap=true' will be ignored for this
(caption)                particular \caption on input line 9.
See the caption package documentation for explanation.

[41




 <./images/blockchain-size.png>] [42]
<images/OP_RETUTN_chart.png, id=989, 1858.945pt x 760.8425pt>
File: images/OP_RETUTN_chart.png Graphic file (type png)
<use images/OP_RETUTN_chart.png>
Package pdftex.def Info: images/OP_RETUTN_chart.png  used on input line 60.
(pdftex.def)             Requested size: 464.73512pt x 190.21016pt.


Package caption Warning: The option `hypcap=true' will be ignored for this
(caption)                particular \caption on input line 61.
See the caption package documentation for explanation.


Overfull \hbox (37.94377pt too wide) in paragraph at lines 60--61
 [][] 
 []


Underfull \vbox (badness 10000) has occurred while \output is active []

 [43]
Underfull \hbox (badness 10000) in paragraph at lines 68--72

 []

<images/coinbase_tx_genesis_block.png, id=1003, 982.67125pt x 209.78375pt>
File: images/coinbase_tx_genesis_block.png Graphic file (type png)
<use images/coinbase_tx_genesis_block.png>
Package pdftex.def Info: images/coinbase_tx_genesis_block.png  used on input li
ne 79.
(pdftex.def)             Requested size: 343.9401pt x 73.4254pt.

Package caption Warning: The option `hypcap=true' will be ignored for this
(caption)                particular \caption on input line 80.
See the caption package documentation for explanation.

[44 <./images/OP_RETUTN_chart.png>] (./code/coinBaseTxGenesisBlockHex.cpp)
Underfull \hbox (badness 10000) in paragraph at lines 91--94

 []

[45 <./images/coinbase_tx_genesis_block.png>]
Underfull \hbox (badness 3884) in paragraph at lines 95--95
[]\T1/lmr/m/n/10.95 Codice 7.2: |In-for-ma-zio-ni del-la tran-sa-zio-ne in Fi-g
u-ra [][]7.3[][] de-co-di-fi-ca-ta nel-l'ar-co
 []

(./code/exampleArch.txt)
<images/demo/graph_tx_demo_presentation.png, id=1047, 1505.625pt x 1003.75pt>
File: images/demo/graph_tx_demo_presentation.png Graphic file (type png)
<use images/demo/graph_tx_demo_presentation.png>
Package pdftex.def Info: images/demo/graph_tx_demo_presentation.png  used on in
put line 104.
(pdftex.def)             Requested size: 376.40533pt x 250.93689pt.
 [46 <./images/demo/graph_tx_demo_presentation.png>]
[47]
Overfull \hbox (0.34834pt too wide) in paragraph at lines 132--133
\T1/lmr/m/n/10.95 bloccata at-tra-ver-so lo script da cui  ori-gi-na-to l'ad-d
ress ``3CD1-QW6fjg-TwKq3Pj-97nty28W-
 []


Overfull \hbox (15.25716pt too wide) in paragraph at lines 150--151
[][][][][][][]  
 []

[48]
Overfull \hbox (8.37811pt too wide) in paragraph at lines 171--174
\T1/lmr/m/n/10.95 Riesaminando l'e-sem-pio ap-pe-na de-scrit-to, do-ve l'ad-dre
ss ``3CD1-QW6fjg-TwKq3Pj-97nty28W-
 []

<images/exampleWithGraph/naturalAddressGrahScamTx.png, id=1101, 532.99126pt x 1
57.58875pt>
File: images/exampleWithGraph/naturalAddressGrahScamTx.png Graphic file (type p
ng)
<use images/exampleWithGraph/naturalAddressGrahScamTx.png>
Package pdftex.def Info: images/exampleWithGraph/naturalAddressGrahScamTx.png  
used on input line 181.
(pdftex.def)             Requested size: 186.54973pt x 55.15688pt.

Underfull \vbox (badness 10000) has occurred while \output is active []

 [49]
<images/exampleWithGraph/decode-address-graph-scam.png, id=1111, 584.1825pt x 1
69.63374pt>
File: images/exampleWithGraph/decode-address-graph-scam.png Graphic file (type 
png)
<use images/exampleWithGraph/decode-address-graph-scam.png>
Package pdftex.def Info: images/exampleWithGraph/decode-address-graph-scam.png 
 used on input line 189.
(pdftex.def)             Requested size: 204.46693pt x 59.3727pt.
<images/exampleWithGraph/naturalAddressGrahScamTx_correcter.png, id=1114, 191.9
973pt x 69.6201pt>
File: images/exampleWithGraph/naturalAddressGrahScamTx_correcter.png Graphic fi
le (type png)
<use images/exampleWithGraph/naturalAddressGrahScamTx_correcter.png>
Package pdftex.def Info: images/exampleWithGraph/naturalAddressGrahScamTx_corre
cter.png  used on input line 196.
(pdftex.def)             Requested size: 268.79436pt x 97.46745pt.

[50 <./images/exampleWithGraph/naturalAddressGrahScamTx.png> <./images/exampleW
ithGraph/decode-address-graph-scam.png> <./images/exampleWithGraph/naturalAddre
ssGrahScamTx_correcter.png (PNG copy)>]
<images/demo/iterationTx.png, id=1123, 936.49875pt x 705.63625pt>
File: images/demo/iterationTx.png Graphic file (type png)
<use images/demo/iterationTx.png>
Package pdftex.def Info: images/demo/iterationTx.png  used on input line 208.
(pdftex.def)             Requested size: 327.77946pt x 246.97638pt.
 [51 <./images/demo/iterationTx.png (PNG copy)>]
<images/demo/address_graph.png, id=1132, 1639.12375pt x 1072.005pt>
File: images/demo/address_graph.png Graphic file (type png)
<use images/demo/address_graph.png>
Package pdftex.def Info: images/demo/address_graph.png  used on input line 222.

(pdftex.def)             Requested size: 409.77994pt x 268.0006pt.
<images/demo/no_paralel_benckmark.png, id=1137, 1909.1325pt x 481.8pt>
File: images/demo/no_paralel_benckmark.png Graphic file (type png)
<use images/demo/no_paralel_benckmark.png>
Package pdftex.def Info: images/demo/no_paralel_benckmark.png  used on input li
ne 234.
(pdftex.def)             Requested size: 381.81973pt x 96.35829pt.
 [52 <./images/demo/address_graph.png>]
Underfull \hbox (badness 10000) in paragraph at lines 238--240

 []

<images/demo/parallel_scalability.png, id=1147, 1913.1475pt x 474.77374pt>
File: images/demo/parallel_scalability.png Graphic file (type png)
<use images/demo/parallel_scalability.png>
Package pdftex.def Info: images/demo/parallel_scalability.png  used on input li
ne 244.
(pdftex.def)             Requested size: 341.43437pt x 84.73114pt.
<images/demo/sovrapposition_benchmark.png, id=1148, 1914.15125pt x 472.76625pt>

File: images/demo/sovrapposition_benchmark.png Graphic file (type png)
<use images/demo/sovrapposition_benchmark.png>
Package pdftex.def Info: images/demo/sovrapposition_benchmark.png  used on inpu
t line 246.
(pdftex.def)             Requested size: 341.43437pt x 84.32957pt.
[53 <./images/demo/no_paralel_benckmark.png> <./images/demo/parallel_scalabilit
y.png> <./images/demo/sovrapposition_benchmark.png>]
<images/demo/analytics/result-global.png, id=1158, 1857.94125pt x 765.86125pt>
File: images/demo/analytics/result-global.png Graphic file (type png)
<use images/demo/analytics/result-global.png>
Package pdftex.def Info: images/demo/analytics/result-global.png  used on input
 line 262.
(pdftex.def)             Requested size: 341.43437pt x 140.73553pt.
<images/demo/analytics/opt_return.png, id=1159, 1848.9075pt x 760.8425pt>
File: images/demo/analytics/opt_return.png Graphic file (type png)
<use images/demo/analytics/opt_return.png>
Package pdftex.def Info: images/demo/analytics/opt_return.png  used on input li
ne 264.
(pdftex.def)             Requested size: 341.43437pt x 140.49825pt.
 [54 <./images/demo/analytics/result-global.png> <./images/demo/analytics/opt_r
eturn.png>]
Overfull \hbox (0.1047pt too wide) in paragraph at lines 290--292
[]\T1/lmr/m/n/10.95 La Fi-gu-ra [][]7.12(a)[][] mo-stra gli script mag-gior-men
-te uti-liz-za-ti, che ri-sul-ta-no es-se-re P2PKH
 []

<images/demo/vivagraph.png, id=1180, 1927.2pt x 1084.05pt>
File: images/demo/vivagraph.png Graphic file (type png)
<use images/demo/vivagraph.png>
Package pdftex.def Info: images/demo/vivagraph.png  used on input line 307.
(pdftex.def)             Requested size: 385.43318pt x 216.80615pt.
[55]
<images/demo/3D_tx.png, id=1193, 1420.30624pt x 614.295pt>
File: images/demo/3D_tx.png Graphic file (type png)
<use images/demo/3D_tx.png>
Package pdftex.def Info: images/demo/3D_tx.png  used on input line 323.
(pdftex.def)             Requested size: 1065.22708pt x 460.72011pt.
<images/demo/ngraphpixi.png, id=1194, 1149.29375pt x 622.325pt>
File: images/demo/ngraphpixi.png Graphic file (type png)
<use images/demo/ngraphpixi.png>
Package pdftex.def Info: images/demo/ngraphpixi.png  used on input line 325.
(pdftex.def)             Requested size: 320.0935pt x 173.3192pt.
<images/demo/ngraphlouvian.png, id=1196, 1262.7175pt x 689.57625pt>
File: images/demo/ngraphlouvian.png Graphic file (type png)
<use images/demo/ngraphlouvian.png>
Package pdftex.def Info: images/demo/ngraphlouvian.png  used on input line 327.

(pdftex.def)             Requested size: 320.0935pt x 174.80319pt.


LaTeX Warning: Float too large for page by 10.41454pt on input line 330.

) [56 <./images/demo/vivagraph.png>] [57 <./images/demo/3D_tx.png> <./images/de
mo/ngraphpixi.png> <./images/demo/ngraphlouvian.png>]
\openout2 = `sections/chap_conclusioni.aux'.


(./sections/chap_conclusioni.tex
Capitolo 8.
) [58




] [59



]
\openout2 = `sections/app_a.aux'.

 (./sections/app_a.tex
Appendice A.
(/usr/share/texlive/texmf-dist/tex/latex/listings/lstlang1.sty
File: lstlang1.sty 2020/03/24 1.8d listings language file
)
(./code/decodeTransaction.py)
Underfull \vbox (badness 2435) has occurred while \output is active []

pdfTeX warning (ext4): destination with the same identifier (name{page.1}) has 
been already used, duplicate ignored
<to be read again> 
                   \relax 
l.12 ...fragmentJSONSerializationTransaction.json}
                                                   [1



]
(./code/fragmentJSONSerializationTransaction.json)
(./code/serializationTestWithShaTx.cpppdfTeX warning (ext4): destination with t
he same identifier (name{page.2}) has been already used, duplicate ignored
<to be read again> 
                   \relax 
l.5     Block 
              block; [2]
Underfull \vbox (badness 10000) has occurred while \output is active []

pdfTeX warning (ext4): destination with the same identifier (name{page.3}) has 
been already used, duplicate ignored
<to be read again> 
                   \relax 
l.52     hexForm 
                 += SerializationUtil::toSerealizeForm(block.getRawTransacti...
[3]) (./code/buildAddressToPublicKey.cpp))pdfTeX warning (ext4): destination wi
th the same identifier (name{page.4}) has been already used, duplicate ignored
<to be read again> 
                   \relax 
l.315 \include{sections/app_a}
                               [4] (./tesi.lofpdfTeX warning (ext4): destinatio
n with the same identifier (name{page.5}) has been already used, duplicate igno
red
<to be read again> 
                   \relax 
l.33 ...baddress}.\relax }}{33}{figure.caption.20}
                                                  % [5



]
Overfull \hbox (7.43637pt too wide) in paragraph at lines 45--45
 \T1/lmr/m/n/10.95 iden-ti-fi-ca-ti-vo 82-a69-be69e-00937-91ab7-d3803-69ec-ffba
4f-1fe08-27a862-5ede9-d89e9- 
 []

)
\tf@lof=\write7
\openout7 = `tesi.lof'.

pdfTeX warning (ext4): destination with the same identifier (name{page.6}) has 
been already used, duplicate ignored
<to be read again> 
                   \relax 
l.322 \listoffigures
                     [6] (./tesi.lot)
\tf@lot=\write8
\openout8 = `tesi.lot'.

pdfTeX warning (ext4): destination with the same identifier (name{page.7}) has 
been already used, duplicate ignored
<to be read again> 
                   \relax 
l.325 \listoftables
                    [7


] (./tesi.lolpdfTeX warning (ext4): destination with the same identifier (name{
page.8}) has been already used, duplicate ignored
<to be read again> 
                   \relax 
l.30 ...kchain di Bitcoin.}{2}{lstlisting.Alph1.2}
                                                  % [8



])
\tf@lol=\write9
\openout9 = `tesi.lol'.

pdfTeX warning (ext4): destination with the same identifier (name{page.9}) has 
been already used, duplicate ignored
<to be read again> 
                   \relax 
l.328 \listofcodes
                   [9]
Overfull \hbox (50.79918pt too wide) in paragraph at lines 337--337
[]\T1/lmr/m/n/10.95 Vincenzo Pa-laz-zo An-drei Ka-sh-cha. \T1/lmr/m/it/10.95 ng
ra-ph.pixi\T1/lmr/m/n/10.95 . \T1/lmr/m/sc/10.95 url\T1/lmr/m/n/10.95 : [][]$\T
1/lmtt/m/n/10.95 https : / / github . com / vincenzopalazzo /
 []


Overfull \hbox (2.85454pt too wide) in paragraph at lines 337--337
\T1/lmtt/m/n/10.95 lightning -[] network -[] study -[] will -[] this -[] techno
logy -[] become -[] the -[] new -[] standart -[]
 []

pdfTeX warning (ext4): destination with the same identifier (name{page.1}) has 
been already used, duplicate ignored
<to be read again> 
                   \relax 
l.337 
       [1



]
Overfull \hbox (6.81104pt too wide) in paragraph at lines 337--337
[]\T1/lmr/m/n/10.95 Nayuki. \T1/lmr/m/it/10.95 Bitcoin-Cryptography-Library\T1/
lmr/m/n/10.95 . \T1/lmr/m/sc/10.95 url\T1/lmr/m/n/10.95 : [][]$\T1/lmtt/m/n/10.
95 https : / / github . com / nayuki / Bitcoin -[]
 []


Overfull \hbox (36.74051pt too wide) in paragraph at lines 337--337
[]\T1/lmr/m/n/10.95 Vincenzo Pa-laz-zo. \T1/lmr/m/it/10.95 decompiler-bitcoin-s
cript\T1/lmr/m/n/10.95 . \T1/lmr/m/sc/10.95 url\T1/lmr/m/n/10.95 : [][]$\T1/lmt
t/m/n/10.95 https : / / github . com / vincenzopalazzo /
 []


Overfull \hbox (30.72406pt too wide) in paragraph at lines 337--337
[]\T1/lmr/m/n/10.95 Vincenzo Pa-laz-zo. \T1/lmr/m/it/10.95 ngra-ph.fromprecompu
te\T1/lmr/m/n/10.95 . \T1/lmr/m/sc/10.95 url\T1/lmr/m/n/10.95 : [][]$\T1/lmtt/m
/n/10.95 https : / / github . com / vincenzopalazzo /
 []


Overfull \hbox (16.0172pt too wide) in paragraph at lines 337--337
[]\T1/lmr/m/n/10.95 Vincenzo Pa-laz-zo. \T1/lmr/m/it/10.95 SpyJSBlock-NGraph\T1
/lmr/m/n/10.95 . \T1/lmr/m/sc/10.95 url\T1/lmr/m/n/10.95 : [][]$\T1/lmtt/m/n/10
.95 https : / / github . com / vincenzopalazzo /
 []


Overfull \hbox (1.06213pt too wide) in paragraph at lines 337--337
\T1/lmr/m/n/10.95 2018. \T1/lmr/m/sc/10.95 isbn\T1/lmr/m/n/10.95 : 978-1-5386-9
288-2. \T1/lmr/m/sc/10.95 url\T1/lmr/m/n/10.95 : [][]$\T1/lmtt/m/n/10.95 https 
: / / ieeexplore . ieee . org / xpl / conhome /
 []

pdfTeX warning (ext4): destination with the same identifier (name{page.2}) has 
been already used, duplicate ignored
<to be read again> 
                   \relax 
l.338 \end{document}
                     [2] (./tesi.aux (./sections/chap_blockchain.aux)
(./sections/chap_bitcoin.aux) (./sections/chap_bitcoincore.aux)
(./sections/chap_problema.aux) (./sections/chap_riferimenti_storici.aux)
(./sections/chap_tecnologie_utilizzate.aux)
(./sections/chap_soluzione_proposta.aux) (./sections/chap_conclusioni.aux)
(./sections/app_a.aux))

LaTeX Warning: There were multiply-defined labels.

Package rerunfilecheck Info: File `tesi.out' has not changed.
(rerunfilecheck)             Checksum: 632636D658D0211E31628F79C82A090B;8373.
Package logreq Info: Writing requests to 'tesi.run.xml'.
\openout1 = `tesi.run.xml'.

 ) 
Here is how much of TeX's memory you used:
 28137 strings out of 478287
 499800 string characters out of 5849289
 1295506 words of memory out of 5000000
 45240 multiletter control sequences out of 15000+600000
 565258 words of font info for 92 fonts, out of 8000000 for 9000
 1141 hyphenation exceptions out of 8191
 84i,12n,90p,1837b,2561s stack positions out of 5000i,500n,10000p,200000b,80000s
{/usr/share/texmf/fonts/enc/dvips/lm/lm-mathsy.enc}{/usr/share/texmf/fonts/en
c/dvips/lm/lm-ec.enc}{/usr/share/texmf/fonts/enc/dvips/lm/lm-rm.enc}{/usr/share
/texmf/fonts/enc/dvips/lm/lm-mathit.enc}{/usr/share/texmf/fonts/enc/dvips/lm/lm
-ts1.enc}</usr/share/texlive/texmf-dist/fonts/type1/public/amsfonts/cm/cmbx12.p
fb></usr/share/texlive/texmf-dist/fonts/type1/public/amsfonts/cm/cmcsc10.pfb></
usr/share/texlive/texmf-dist/fonts/type1/public/amsfonts/cm/cmex10.pfb></usr/sh
are/texlive/texmf-dist/fonts/type1/public/amsfonts/cm/cmmi10.pfb></usr/share/te
xlive/texmf-dist/fonts/type1/public/amsfonts/cm/cmmi7.pfb></usr/share/texlive/t
exmf-dist/fonts/type1/public/amsfonts/cm/cmr12.pfb></usr/share/texlive/texmf-di
st/fonts/type1/public/amsfonts/cm/cmr7.pfb></usr/share/texlive/texmf-dist/fonts
/type1/public/amsfonts/cm/cmsy10.pfb></usr/share/texlive/texmf-dist/fonts/type1
/public/amsfonts/cm/cmsy7.pfb></usr/share/texmf/fonts/type1/public/lm/lmbx10.pf
b></usr/share/texmf/fonts/type1/public/lm/lmbx12.pfb></usr/share/texmf/fonts/ty
pe1/public/lm/lmcsc10.pfb></usr/share/texmf/fonts/type1/public/lm/lmmi10.pfb></
usr/share/texmf/fonts/type1/public/lm/lmr10.pfb></usr/share/texmf/fonts/type1/p
ublic/lm/lmr6.pfb></usr/share/texmf/fonts/type1/public/lm/lmr8.pfb></usr/share/
texmf/fonts/type1/public/lm/lmr9.pfb></usr/share/texmf/fonts/type1/public/lm/lm
ri10.pfb></usr/share/texmf/fonts/type1/public/lm/lmri9.pfb></usr/share/texmf/fo
nts/type1/public/lm/lmro9.pfb></usr/share/texmf/fonts/type1/public/lm/lmsy10.pf
b></usr/share/texmf/fonts/type1/public/lm/lmsy8.pfb></usr/share/texmf/fonts/typ
e1/public/lm/lmtt10.pfb></usr/share/texlive/texmf-dist/fonts/type1/urw/times/ut
mb8a.pfb></usr/share/texlive/texmf-dist/fonts/type1/urw/times/utmr8a.pfb></usr/
share/texlive/texmf-dist/fonts/type1/urw/times/utmri8a.pfb>
Output written on tesi.pdf (75 pages, 6532739 bytes).
PDF statistics:
 1792 PDF objects out of 2073 (max. 8388607)
 1558 compressed objects within 16 object streams
 509 named destinations out of 1000 (max. 500000)
 713 words of extra memory for PDF output out of 10000 (max. 10000000)

